127160.5 146088.3 INFERIOR
105873.7 138103.8 INFERIOR
102080.8 113662.4 INFERIOR
103023.3 102516.8 SUPERIOR
100546.7 98657.8 SUPERIOR
102833.3 95612.9 SUPERIOR
120490.2 95301.2 SUPERIOR
102135.7 103176.1 INFERIOR
109569.3 101119.0 SUPERIOR
125346.3 102494.1 SUPERIOR
100698.2 108797.9 INFERIOR
124434.1 105871.0 SUPERIOR
108455.6 110473.1 INFERIOR
103544.9 109763.8 INFERIOR
120902.1 107987.3 SUPERIOR
118868.3 110667.2 SUPERIOR
126324.2 112383.9 SUPERIOR
122052.1 115356.9 SUPERIOR
124104.4 116954.2 SUPERIOR
108461.0 118670.1 INFERIOR
105323.2 117260.7 INFERIOR
122518.4 115510.4 SUPERIOR
124205.0 116874.3 SUPERIOR
129715.2 118313.3 SUPERIOR
112378.5 120401.2 INFERIOR
111160.5 119643.8 INFERIOR
123292.4 118799.4 SUPERIOR
110224.1 119724.0 INFERIOR
127922.7 118793.1 SUPERIOR
125752.4 120245.7 SUPERIOR
112869.8 121263.8 INFERIOR
122526.1 120607.3 SUPERIOR
122636.3 121149.2 SUPERIOR
103093.7 121645.0 INFERIOR
127076.6 119916.6 SUPERIOR
115157.6 120940.0 INFERIOR
124793.7 120611.2 SUPERIOR
109601.5 121296.7 INFERIOR
126865.7 120399.7 SUPERIOR
111676.1 121260.3 INFERIOR
100325.1 120599.9 INFERIOR
127161.5 118934.3 SUPERIOR
102738.6 119838.4 INFERIOR
109579.4 118499.5 INFERIOR
128501.9 117855.4 SUPERIOR
128518.2 118868.3 SUPERIOR
117203.1 119807.5 INFERIOR
118955.1 119754.6 INFERIOR
113453.4 119844.0 INFERIOR
108796.3 119494.2 INFERIOR
109859.9 118808.3 INFERIOR
120175.6 118246.7 SUPERIOR
122571.2 118484.5 SUPERIOR
123747.4 118880.5 SUPERIOR
123688.5 119335.0 SUPERIOR
102736.2 119756.4 INFERIOR
114832.6 118706.5 INFERIOR
101726.8 118537.9 INFERIOR
116485.9 117504.6 INFERIOR
113245.9 117497.7 INFERIOR
126631.1 117281.6 SUPERIOR
110527.5 117927.0 INFERIOR
103512.0 117530.2 INFERIOR
104289.8 116722.5 INFERIOR
122845.3 116004.4 SUPERIOR
118546.5 116431.3 SUPERIOR
103033.7 116583.2 INFERIOR
102523.2 115828.0 INFERIOR
121029.1 115081.1 SUPERIOR
102182.9 115413.5 INFERIOR
124655.8 114682.8 SUPERIOR
121187.3 115218.4 SUPERIOR
102440.5 115541.4 INFERIOR
102545.1 114849.4 INFERIOR
129599.2 114194.7 SUPERIOR
111228.1 114975.3 INFERIOR
111119.3 114778.8 INFERIOR
124384.0 114585.6 SUPERIOR
128417.5 115064.1 SUPERIOR
129580.0 115721.2 SUPERIOR
122601.3 116407.0 SUPERIOR
111287.8 116727.4 INFERIOR
102505.0 116495.7 INFERIOR
123314.4 115860.0 SUPERIOR
116752.1 116217.9 SUPERIOR
112726.7 116259.7 INFERIOR
127190.6 116116.7 SUPERIOR
103335.9 116629.3 INFERIOR
114778.8 116061.7 INFERIOR
100340.6 116018.8 INFERIOR
114059.8 115349.7 INFERIOR
101689.1 115295.8 INFERIOR
103564.5 114717.4 INFERIOR
103525.8 114239.4 INFERIOR
119476.3 113777.1 SUPERIOR
122381.3 113989.4 SUPERIOR
117501.1 114312.9 SUPERIOR
128865.2 114427.7 SUPERIOR
111246.1 114993.2 INFERIOR
108571.4 114841.4 INFERIOR
126058.0 114589.9 SUPERIOR
106707.9 115026.1 INFERIOR
128896.7 114703.4 SUPERIOR
100364.6 115236.8 INFERIOR
129096.4 114675.9 SUPERIOR
101294.8 115207.4 INFERIOR
126734.3 114692.1 SUPERIOR
115831.0 115126.9 SUPERIOR
129788.9 115151.3 SUPERIOR
102213.9 115678.1 INFERIOR
116615.6 115203.5 SUPERIOR
129079.1 115253.4 SUPERIOR
115692.9 115739.0 INFERIOR
118882.0 115744.3 SUPERIOR
120872.5 115859.4 SUPERIOR
113636.2 116039.0 INFERIOR
118826.7 115968.0 SUPERIOR
117529.4 116073.5 SUPERIOR
127034.7 116132.7 SUPERIOR
101363.4 116504.3 INFERIOR
108428.9 116023.5 INFERIOR
128512.3 115786.1 SUPERIOR
126707.9 116203.2 SUPERIOR
113669.7 116550.9 INFERIOR
118604.0 116475.0 SUPERIOR
108321.4 116556.5 INFERIOR
105643.6 116314.4 INFERIOR
113911.0 115995.7 INFERIOR
110600.6 115940.0 INFERIOR
117509.7 115784.6 SUPERIOR
102332.0 115842.8 INFERIOR
129231.8 115442.8 SUPERIOR
129586.3 115856.3 SUPERIOR
120944.9 116269.6 SUPERIOR
116082.9 116418.0 INFERIOR
109285.8 116420.7 INFERIOR
124413.9 116226.2 SUPERIOR
120541.9 116472.0 SUPERIOR
104878.5 116600.9 INFERIOR
127327.8 116282.2 SUPERIOR
124676.1 116603.7 SUPERIOR
128494.0 116843.1 SUPERIOR
121771.6 117182.7 SUPERIOR
118402.5 117328.6 SUPERIOR
112547.3 117378.7 INFERIOR
127981.9 117268.1 SUPERIOR
125981.9 117577.3 SUPERIOR
101356.6 117825.4 INFERIOR
100791.0 117411.0 INFERIOR
111293.9 116991.1 INFERIOR
124316.6 116857.2 SUPERIOR
129618.3 117066.8 SUPERIOR
104512.5 117409.3 INFERIOR
117823.9 117096.1 SUPERIOR
111426.7 117131.2 INFERIOR
129097.4 117002.5 SUPERIOR
125263.6 117323.9 SUPERIOR
125149.9 117541.8 SUPERIOR
114060.8 117752.0 INFERIOR
112444.6 117682.1 INFERIOR
108202.2 117573.7 INFERIOR
101691.3 117363.4 INFERIOR
125941.7 116998.8 SUPERIOR
124387.0 117229.7 SUPERIOR
129991.5 117418.3 SUPERIOR
129899.1 117737.1 SUPERIOR
116663.0 118047.0 INFERIOR
123069.6 118037.2 SUPERIOR
128343.0 118178.2 SUPERIOR
125489.4 118439.7 SUPERIOR
107420.4 118629.4 INFERIOR
113516.3 118397.3 INFERIOR
103874.8 118310.1 INFERIOR
128621.5 118004.1 SUPERIOR
118185.2 118266.5 INFERIOR
106859.3 118287.9 INFERIOR
120151.0 118054.3 SUPERIOR
118543.8 118122.1 SUPERIOR
110744.9 118152.9 INFERIOR
103406.7 118010.7 INFERIOR
120147.2 117709.9 SUPERIOR
115609.2 117780.7 INFERIOR
123169.6 117751.4 SUPERIOR
115604.9 117886.2 INFERIOR
125565.4 117855.6 SUPERIOR
116557.2 118038.6 INFERIOR
116828.1 118026.6 INFERIOR
126299.6 118020.4 SUPERIOR
112104.5 118213.7 INFERIOR
104020.5 118106.1 INFERIOR
100863.5 117832.0 INFERIOR
122654.1 117497.4 SUPERIOR
118609.3 117618.1 SUPERIOR
121122.4 117653.6 SUPERIOR
106388.9 117739.7 INFERIOR
104091.1 117525.1 INFERIOR
100436.3 117267.8 INFERIOR
110517.6 116941.6 INFERIOR
117697.5 116822.6 SUPERIOR
111767.3 116848.6 INFERIOR
113124.2 116756.7 INFERIOR
127124.8 116693.1 SUPERIOR
110447.7 116905.1 INFERIOR
115419.7 116788.0 INFERIOR
123509.6 116769.5 SUPERIOR
111896.3 116907.5 INFERIOR
118662.6 116819.9 SUPERIOR
125870.9 116863.3 SUPERIOR
128485.6 117043.2 SUPERIOR
104412.2 117269.6 INFERIOR
127797.6 117038.1 SUPERIOR
114763.5 117249.6 INFERIOR
107747.3 117213.9 INFERIOR
113774.1 117048.2 INFERIOR
129401.0 116996.8 SUPERIOR
114778.5 117234.3 INFERIOR
109862.5 117199.6 INFERIOR
119002.0 117075.7 SUPERIOR
107204.4 117119.9 INFERIOR
102275.9 116949.8 INFERIOR
103866.4 116693.7 INFERIOR
103841.4 116470.0 INFERIOR
104557.1 116249.4 INFERIOR
104164.8 116044.9 INFERIOR
119226.2 115836.6 SUPERIOR
105456.4 115896.9 INFERIOR
110370.0 115714.8 INFERIOR
126903.7 115621.2 SUPERIOR
114218.8 115816.6 INFERIOR
120026.7 115789.4 SUPERIOR
105169.6 115862.8 INFERIOR
105768.7 115679.9 INFERIOR
101226.1 115510.1 INFERIOR
105068.1 115265.5 INFERIOR
108357.7 115089.6 INFERIOR
105310.3 114971.8 INFERIOR
102661.1 114804.6 INFERIOR
103619.1 114595.5 INFERIOR
113823.4 114405.4 INFERIOR
106190.0 114387.4 INFERIOR
110928.1 114243.6 INFERIOR
115102.5 114179.8 SUPERIOR
120711.8 114185.4 SUPERIOR
101179.4 114282.6 INFERIOR
123982.3 114060.7 SUPERIOR
118837.0 114211.3 SUPERIOR
102452.8 114276.9 INFERIOR
126207.4 114078.3 SUPERIOR
127626.2 114262.5 SUPERIOR
101832.3 114466.9 INFERIOR
108306.3 114259.0 INFERIOR
124186.0 114156.3 SUPERIOR
122447.8 114305.2 SUPERIOR
105535.6 114424.7 INFERIOR
106280.5 114278.4 INFERIOR
111114.2 114145.7 INFERIOR
114535.7 114089.7 SUPERIOR
118547.6 114087.4 SUPERIOR
111067.4 114146.8 INFERIOR
113876.0 114090.8 INFERIOR
122424.1 114078.4 SUPERIOR
101100.5 114196.3 INFERIOR
107573.1 113989.5 INFERIOR
121400.5 113883.2 SUPERIOR
126856.2 113986.2 SUPERIOR
115350.3 114169.6 SUPERIOR
115963.4 114178.9 SUPERIOR
103215.2 114197.2 INFERIOR
113422.4 114026.4 INFERIOR
115978.5 114008.5 SUPERIOR
107274.1 114028.5 INFERIOR
108077.3 113920.6 INFERIOR
111318.5 113825.9 INFERIOR
100602.1 113779.6 INFERIOR
109662.4 113578.5 INFERIOR
106343.4 113510.9 INFERIOR
109824.9 113396.3 INFERIOR
103592.9 113333.2 INFERIOR
126715.8 113181.8 SUPERIOR
117807.8 113361.4 SUPERIOR
120373.1 113412.6 SUPERIOR
123675.1 113499.3 SUPERIOR
114953.3 113631.5 SUPERIOR
102607.6 113639.7 INFERIOR
116113.2 113475.2 SUPERIOR
117605.2 113500.9 SUPERIOR
122363.2 113547.0 SUPERIOR
112949.8 113658.5 INFERIOR
103827.4 113638.8 INFERIOR
108513.3 113493.9 INFERIOR
110892.5 113415.0 INFERIOR
119377.5 113369.5 SUPERIOR
117123.3 113440.1 SUPERIOR
110682.9 113479.2 INFERIOR
129595.5 113430.9 SUPERIOR
118173.2 113637.9 SUPERIOR
107116.8 113689.1 INFERIOR
103053.5 113591.8 INFERIOR
104585.8 113441.6 INFERIOR
107378.7 113313.4 INFERIOR
104820.4 113223.7 INFERIOR
105597.0 113101.4 INFERIOR
108552.9 112990.6 INFERIOR
105201.2 112920.0 INFERIOR
126903.0 112806.3 SUPERIOR
102407.0 112976.7 INFERIOR
115735.3 112827.1 SUPERIOR
112311.9 112851.7 INFERIOR
129471.4 112831.9 SUPERIOR
103361.2 113033.0 INFERIOR
111935.7 112897.2 INFERIOR
129084.1 112872.5 SUPERIOR
125965.2 113066.5 SUPERIOR
124512.2 113218.7 SUPERIOR
107737.1 113351.0 INFERIOR
105126.6 113270.1 INFERIOR
120059.3 113157.2 SUPERIOR
127881.3 113232.9 SUPERIOR
116702.9 113405.5 SUPERIOR
117148.4 113437.0 SUPERIOR
108399.4 113473.7 INFERIOR
123084.8 113401.6 SUPERIOR
105611.3 113511.7 INFERIOR
109710.4 113405.5 INFERIOR
112763.1 113350.7 INFERIOR
115228.3 113333.9 SUPERIOR
107272.3 113347.4 INFERIOR
103445.1 113264.0 INFERIOR
118318.6 113135.1 SUPERIOR
108658.9 113187.3 INFERIOR
117437.1 113122.7 SUPERIOR
104630.9 113164.1 INFERIOR
114434.2 113051.8 SUPERIOR
115977.7 113057.7 SUPERIOR
101554.7 113081.9 INFERIOR
110098.1 112934.7 INFERIOR
104032.4 112890.2 INFERIOR
101901.2 112774.5 INFERIOR
129698.8 112635.0 SUPERIOR
109670.6 112823.0 INFERIOR
124296.2 112774.9 SUPERIOR
107639.2 112897.8 INFERIOR
120445.1 112825.8 SUPERIOR
122806.8 112903.1 SUPERIOR
117869.2 113006.8 SUPERIOR
114147.3 113052.6 SUPERIOR
112355.2 113055.2 INFERIOR
110466.0 113037.3 INFERIOR
127885.9 112997.9 SUPERIOR
124918.6 113157.5 SUPERIOR
128950.8 113281.7 SUPERIOR
103728.9 113450.5 INFERIOR
121926.0 113332.6 SUPERIOR
128150.2 113420.9 SUPERIOR
105437.0 113578.3 INFERIOR
101994.9 113479.6 INFERIOR
122233.6 113343.5 SUPERIOR
117234.2 113434.2 SUPERIOR
125254.9 113468.5 SUPERIOR
104193.2 113591.4 INFERIOR
123858.0 113480.3 SUPERIOR
106048.8 113587.1 INFERIOR
104909.7 113497.1 INFERIOR
104928.0 113395.4 INFERIOR
124437.2 113295.0 SUPERIOR
119955.9 113408.2 SUPERIOR
115692.0 113471.6 SUPERIOR
110764.9 113488.2 INFERIOR
126316.0 113451.3 SUPERIOR
111773.4 113582.5 INFERIOR
124498.0 113556.1 SUPERIOR
113174.0 113666.5 INFERIOR
111308.3 113654.6 INFERIOR
113880.4 113623.0 SUPERIOR
109041.3 113619.1 INFERIOR
122428.3 113563.9 SUPERIOR
115081.6 113650.8 SUPERIOR
106966.4 113659.4 INFERIOR
126987.2 113582.5 SUPERIOR
111516.7 113716.6 INFERIOR
116306.6 113687.4 SUPERIOR
127194.2 113708.5 SUPERIOR
118727.1 113842.8 SUPERIOR
103506.9 113888.0 INFERIOR
128195.0 113775.0 SUPERIOR
118831.2 113918.3 SUPERIOR
110047.2 113963.7 INFERIOR
104178.2 113918.4 INFERIOR
123820.8 113813.3 SUPERIOR
118602.2 113910.1 SUPERIOR
116003.8 113952.8 SUPERIOR
126816.8 113968.7 SUPERIOR
123657.9 114094.2 SUPERIOR
104550.2 114186.6 INFERIOR
109351.7 114085.2 INFERIOR
107454.7 114033.1 INFERIOR
122318.4 113962.4 SUPERIOR
101006.0 114041.3 INFERIOR
117096.7 113906.4 SUPERIOR
122873.8 113933.2 SUPERIOR
126303.0 114017.3 SUPERIOR
110262.5 114134.6 INFERIOR
124637.7 114092.2 SUPERIOR
103319.0 114192.1 INFERIOR
125393.6 114081.1 SUPERIOR
103824.7 114188.0 INFERIOR
111918.6 114082.5 INFERIOR
123918.9 114057.1 SUPERIOR
104497.5 114149.0 INFERIOR
106877.5 114051.1 INFERIOR
121667.6 113977.1 SUPERIOR
121601.1 114047.1 SUPERIOR
119234.4 114115.8 SUPERIOR
120818.5 114161.1 SUPERIOR
116281.7 114221.2 SUPERIOR
107554.0 114237.4 INFERIOR
110370.9 114169.9 INFERIOR
105447.9 114129.8 INFERIOR
127253.5 114043.2 SUPERIOR
117501.8 114164.6 SUPERIOR
112025.5 114192.4 INFERIOR
113860.2 114168.3 INFERIOR
128418.5 114161.7 SUPERIOR
104600.5 114292.1 INFERIOR
117586.9 114197.9 SUPERIOR
115176.7 114226.1 SUPERIOR
118343.6 114231.5 SUPERIOR
100543.3 114266.4 INFERIOR
126163.7 114135.4 SUPERIOR
127963.5 114243.3 SUPERIOR
116954.0 114367.0 SUPERIOR
120899.5 114388.0 SUPERIOR
127675.0 114445.2 SUPERIOR
121217.2 114564.2 SUPERIOR
104576.2 114623.0 INFERIOR
117288.7 114529.1 SUPERIOR
118201.5 114552.0 SUPERIOR
112723.9 114583.0 INFERIOR
122093.3 114564.0 SUPERIOR
128031.0 114630.1 SUPERIOR
127767.1 114749.5 SUPERIOR
113525.2 114865.5 INFERIOR
103397.1 114852.3 INFERIOR
129545.2 114748.1 SUPERIOR
125166.9 114879.3 SUPERIOR
103739.9 114970.3 INFERIOR
127625.3 114869.3 SUPERIOR
126096.9 114981.8 SUPERIOR
115565.1 115079.9 SUPERIOR
117738.3 115083.8 SUPERIOR
111970.1 115106.9 INFERIOR
101642.8 115078.9 INFERIOR
110055.9 114960.2 INFERIOR
124085.6 114916.3 SUPERIOR
100139.0 114995.8 INFERIOR
110005.0 114865.1 INFERIOR
111945.1 114821.6 INFERIOR
116121.9 114795.3 SUPERIOR
127595.7 114805.5 SUPERIOR
110390.4 114915.2 INFERIOR
110408.6 114875.1 INFERIOR
122125.0 114835.5 SUPERIOR
113566.5 114897.2 INFERIOR
106738.1 114884.8 INFERIOR
113573.2 114813.9 INFERIOR
104225.7 114802.0 INFERIOR
105291.6 114710.4 INFERIOR
114951.0 114628.5 SUPERIOR
112567.8 114629.5 INFERIOR
127445.4 114610.2 SUPERIOR
110871.8 114717.1 INFERIOR
117417.7 114683.1 SUPERIOR
118967.9 114704.6 SUPERIOR
100392.8 114738.9 INFERIOR
119906.1 114617.0 SUPERIOR
105341.1 114659.5 INFERIOR
128832.1 114579.9 SUPERIOR
104459.9 114697.0 INFERIOR
112438.7 114610.2 INFERIOR
102560.5 114590.3 INFERIOR
129906.2 114488.6 SUPERIOR
115065.9 114614.2 SUPERIOR
117861.6 114616.1 SUPERIOR
102012.3 114641.2 INFERIOR
122498.8 114535.5 SUPERIOR
106297.2 114599.0 INFERIOR
126941.6 114529.1 SUPERIOR
106154.2 114628.7 INFERIOR
105720.6 114557.8 INFERIOR
101096.5 114483.9 INFERIOR
114162.0 114372.9 INFERIOR
116945.2 114368.8 SUPERIOR
101971.3 114387.2 INFERIOR
123265.8 114284.5 SUPERIOR
113598.7 114354.2 INFERIOR
115731.7 114345.7 SUPERIOR
113222.9 114354.3 INFERIOR
112022.9 114342.8 INFERIOR
116789.2 114321.7 SUPERIOR
104657.2 114338.9 INFERIOR
105457.8 114259.2 INFERIOR
125853.6 114186.5 SUPERIOR
128383.5 114276.2 SUPERIOR
111199.3 114385.3 INFERIOR
108122.3 114357.8 INFERIOR
119320.0 114306.2 SUPERIOR
112262.0 114343.2 INFERIOR
100761.6 114324.4 INFERIOR
104684.6 114215.6 INFERIOR
121479.2 114138.2 SUPERIOR
119767.7 114192.5 SUPERIOR
100812.9 114233.2 INFERIOR
106659.2 114126.0 INFERIOR
106932.2 114065.0 INFERIOR
120156.8 114006.5 SUPERIOR
100591.3 114050.8 INFERIOR
103123.3 113943.7 INFERIOR
123997.5 113856.8 SUPERIOR
105356.3 113931.0 INFERIOR
119582.4 113861.7 SUPERIOR
107145.5 113901.8 INFERIOR
102983.2 113846.6 INFERIOR
107295.2 113759.9 INFERIOR
121668.0 113706.7 SUPERIOR
125670.9 113763.1 SUPERIOR
124906.6 113849.6 SUPERIOR
111915.5 113929.7 INFERIOR
120042.6 113911.0 SUPERIOR
106149.5 113953.8 INFERIOR
108794.4 113891.7 INFERIOR
126890.1 113849.8 SUPERIOR
100390.1 113944.1 INFERIOR
102565.3 113839.2 INFERIOR
106236.6 113751.3 INFERIOR
100796.0 113691.3 INFERIOR
105443.1 113591.2 INFERIOR
117491.2 113526.4 SUPERIOR
112642.7 113551.3 INFERIOR
126780.2 113540.2 SUPERIOR
124523.3 113633.7 SUPERIOR
110254.5 113709.9 INFERIOR
107782.7 113680.6 INFERIOR
111390.8 113633.2 INFERIOR
117708.8 113612.7 SUPERIOR
108041.9 113638.5 INFERIOR
118724.5 113593.6 SUPERIOR
112282.3 113626.8 INFERIOR
116561.4 113613.0 SUPERIOR
113083.8 113630.3 INFERIOR
108834.0 113622.3 INFERIOR
128453.6 113583.6 SUPERIOR
122908.2 113687.0 SUPERIOR
104203.4 113749.7 INFERIOR
126054.0 113677.2 SUPERIOR
114622.9 113762.4 SUPERIOR
126836.6 113765.0 SUPERIOR
123995.7 113855.1 SUPERIOR
112756.4 113924.3 INFERIOR
100674.1 113912.8 INFERIOR
108060.3 113815.2 INFERIOR
116249.0 113770.9 SUPERIOR
119004.3 113784.9 SUPERIOR
107736.6 113818.5 INFERIOR
104180.7 113772.0 INFERIOR
125047.9 113700.7 SUPERIOR
129532.1 113777.1 SUPERIOR
115770.7 113884.6 SUPERIOR
105150.4 113894.6 INFERIOR
108169.2 113830.1 INFERIOR
100551.7 113787.2 INFERIOR
127429.0 113691.2 SUPERIOR
103532.5 113783.4 INFERIOR
117295.5 113708.6 SUPERIOR
108221.7 113730.0 INFERIOR
116625.3 113688.2 SUPERIOR
119542.6 113704.9 SUPERIOR
124892.3 113741.8 SUPERIOR
106192.6 113815.3 INFERIOR
100329.9 113759.5 INFERIOR
104106.6 113663.6 INFERIOR
127000.6 113594.3 SUPERIOR
126216.7 113682.5 SUPERIOR
117922.4 113764.7 SUPERIOR
118015.5 113789.8 SUPERIOR
119951.1 113815.4 SUPERIOR
105261.1 113854.0 INFERIOR
127432.4 113792.4 SUPERIOR
112563.1 113881.8 INFERIOR
111494.2 113869.8 INFERIOR
115567.5 113850.7 SUPERIOR
101409.0 113859.3 INFERIOR
104988.5 113772.2 INFERIOR
122141.0 113709.8 SUPERIOR
102484.0 113763.1 INFERIOR
118094.6 113684.1 SUPERIOR
107360.5 113710.2 INFERIOR
111678.9 113664.4 INFERIOR
108660.8 113647.6 INFERIOR
110670.2 113610.8 INFERIOR
121571.4 113587.7 SUPERIOR
108913.7 113637.1 INFERIOR
116992.1 113602.2 SUPERIOR
114281.5 113621.0 SUPERIOR
119910.1 113621.9 SUPERIOR
128104.9 113659.8 SUPERIOR
121977.2 113751.6 SUPERIOR
106448.2 113802.5 INFERIOR
100935.5 113751.2 INFERIOR
107867.9 113663.9 INFERIOR
117852.3 113622.6 SUPERIOR
101542.8 113646.8 INFERIOR
114891.0 113564.4 SUPERIOR
117905.3 113569.4 SUPERIOR
110027.3 113594.0 INFERIOR
123127.4 113567.3 SUPERIOR
103197.9 113625.7 INFERIOR
102254.1 113554.8 INFERIOR
121845.7 113478.2 SUPERIOR
114864.7 113528.4 SUPERIOR
120652.1 113533.4 SUPERIOR
113044.8 113575.6 INFERIOR
107392.1 113568.7 INFERIOR
124573.1 113525.6 SUPERIOR
123982.5 113592.7 SUPERIOR
120840.9 113655.6 SUPERIOR
108164.4 113698.2 INFERIOR
117706.9 113659.8 SUPERIOR
110829.2 113682.3 INFERIOR
102747.5 113661.0 INFERIOR
127519.4 113588.5 SUPERIOR
104104.6 113673.3 INFERIOR
128507.1 113609.7 SUPERIOR
113380.2 113700.3 INFERIOR
105554.0 113695.2 INFERIOR
116257.0 113640.9 SUPERIOR
126188.4 113654.1 SUPERIOR
121966.7 113729.5 SUPERIOR
124196.8 113778.0 SUPERIOR
119763.5 113840.2 SUPERIOR
120768.3 113874.5 SUPERIOR
125475.9 113914.8 SUPERIOR
107490.0 113984.1 INFERIOR
114682.7 113941.4 SUPERIOR
106636.3 113943.5 INFERIOR
129630.0 113895.8 SUPERIOR
128321.8 113990.5 SUPERIOR
101182.8 114076.6 INFERIOR
121167.3 113995.0 SUPERIOR
127757.4 114036.8 SUPERIOR
105417.3 114118.9 INFERIOR
117038.4 114063.5 SUPERIOR
127464.6 114079.6 SUPERIOR
101018.4 114159.3 INFERIOR
120922.6 114077.1 SUPERIOR
108920.5 114116.8 INFERIOR
127731.9 114083.1 SUPERIOR
129131.7 114164.0 SUPERIOR
128328.0 114253.0 SUPERIOR
114226.4 114336.6 INFERIOR
125861.3 114334.4 SUPERIOR
125336.5 114402.6 SUPERIOR
109573.0 114467.2 INFERIOR
124867.5 114436.5 SUPERIOR
101110.2 114498.0 INFERIOR
117888.1 114416.5 SUPERIOR
106900.3 114436.0 INFERIOR
103617.0 114389.6 INFERIOR
102308.6 114323.9 INFERIOR
120888.7 114250.7 SUPERIOR
110196.2 114288.6 INFERIOR
121743.0 114262.7 SUPERIOR
101960.7 114305.5 INFERIOR
109458.7 114230.7 INFERIOR
116184.7 114200.7 SUPERIOR
123721.7 114210.7 SUPERIOR
109562.6 114265.2 INFERIOR
118776.7 114235.9 SUPERIOR
126579.3 114261.0 SUPERIOR
118475.9 114331.8 SUPERIOR
106988.8 114354.7 INFERIOR
100732.0 114310.1 INFERIOR
126103.0 114229.1 SUPERIOR
100638.1 114296.9 INFERIOR
126241.1 114215.6 SUPERIOR
115868.1 114284.1 SUPERIOR
128172.0 114291.8 SUPERIOR
123963.5 114371.0 SUPERIOR
129938.0 114425.3 SUPERIOR
110521.4 114514.1 INFERIOR
123015.6 114489.9 SUPERIOR
112057.9 114538.2 INFERIOR
114396.3 114522.9 INFERIOR
118825.2 114521.2 SUPERIOR
126210.3 114544.9 SUPERIOR
129522.5 114611.1 SUPERIOR
123048.2 114695.8 SUPERIOR
112533.0 114743.1 INFERIOR
112640.7 114729.9 INFERIOR
122127.5 114717.5 SUPERIOR
107163.3 114759.2 INFERIOR
103314.2 114715.5 INFERIOR
110638.7 114650.0 INFERIOR
108617.2 114626.5 INFERIOR
108889.2 114591.7 INFERIOR
107008.2 114558.6 INFERIOR
101262.8 114515.0 INFERIOR
100536.2 114439.1 INFERIOR
129631.7 114359.5 SUPERIOR
112833.2 114444.3 INFERIOR
111529.8 114434.1 INFERIOR
120389.4 114416.6 SUPERIOR
106547.6 114449.0 INFERIOR
128498.8 114403.6 SUPERIOR
123590.4 114481.3 SUPERIOR
102682.3 114531.1 INFERIOR
112527.4 114464.1 INFERIOR
126373.5 114452.2 SUPERIOR
128342.0 114517.5 SUPERIOR
114022.0 114593.3 INFERIOR
118402.3 114589.4 SUPERIOR
105011.0 114609.7 INFERIOR
129735.1 114555.9 SUPERIOR
106950.2 114638.9 INFERIOR
128282.0 114595.8 SUPERIOR
119489.4 114670.4 SUPERIOR
118232.1 114696.3 SUPERIOR
115380.7 114715.1 SUPERIOR
106920.1 114718.3 INFERIOR
105295.8 114675.0 INFERIOR
106614.6 114623.1 INFERIOR
105593.1 114578.6 INFERIOR
123387.5 114528.8 SUPERIOR
110503.8 114576.2 INFERIOR
101735.3 114553.2 INFERIOR
129073.1 114482.7 SUPERIOR
126513.6 114560.9 SUPERIOR
127832.6 114624.9 SUPERIOR
129847.2 114695.7 SUPERIOR
105216.9 114777.0 INFERIOR
111887.3 114725.0 INFERIOR
122747.2 114709.2 SUPERIOR
120880.6 114752.0 SUPERIOR
104616.9 114784.5 INFERIOR
124475.0 114729.5 SUPERIOR
106733.2 114781.3 INFERIOR
106714.5 114737.9 INFERIOR
116109.2 114694.5 SUPERIOR
117788.2 114701.5 SUPERIOR
117402.6 114717.4 SUPERIOR
102744.6 114731.3 INFERIOR
126323.8 114667.0 SUPERIOR
107968.0 114728.4 INFERIOR
103885.4 114692.0 INFERIOR
126662.4 114634.2 SUPERIOR
128669.5 114697.2 SUPERIOR
125863.8 114770.5 SUPERIOR
124285.5 114828.7 SUPERIOR
119657.3 114878.2 SUPERIOR
116525.7 114903.2 SUPERIOR
102609.6 114911.6 INFERIOR
112253.6 114847.0 INFERIOR
111180.7 114833.1 INFERIOR
107792.6 114813.8 INFERIOR
121702.6 114776.7 SUPERIOR
114876.3 114812.6 SUPERIOR
102431.4 114812.6 INFERIOR
106605.5 114747.8 INFERIOR
120497.8 114705.0 SUPERIOR
102283.9 114734.6 INFERIOR
125536.2 114669.6 SUPERIOR
114854.4 114725.3 SUPERIOR
114417.6 114725.5 INFERIOR
117772.2 114723.5 SUPERIOR
124740.4 114738.8 SUPERIOR
110434.3 114789.9 INFERIOR
120340.5 114767.1 SUPERIOR
116972.0 114795.4 SUPERIOR
108010.8 114806.3 INFERIOR
126358.9 114771.1 SUPERIOR
123922.8 114830.1 SUPERIOR
119753.6 114876.4 SUPERIOR
125517.5 114901.1 SUPERIOR
126018.8 114955.2 SUPERIOR
121250.9 115011.5 SUPERIOR
125110.4 115043.4 SUPERIOR
120924.1 115094.7 SUPERIOR
120404.2 115124.5 SUPERIOR
118558.3 115151.6 SUPERIOR
122581.5 115169.2 SUPERIOR
104758.2 115207.1 INFERIOR
126426.1 115154.8 SUPERIOR
126155.3 115212.0 SUPERIOR
100877.4 115267.6 INFERIOR
124774.5 115195.8 SUPERIOR
103866.1 115244.4 INFERIOR
110053.6 115187.8 INFERIOR
122305.2 115162.5 SUPERIOR
104822.8 115198.6 INFERIOR
124539.0 115147.2 SUPERIOR
124964.0 115194.4 SUPERIOR
115224.0 115243.6 INFERIOR
100191.6 115244.0 INFERIOR
108611.1 115169.6 INFERIOR
118507.8 115137.4 SUPERIOR
129435.6 115154.5 SUPERIOR
118954.4 115225.6 SUPERIOR
107794.1 115244.6 INFERIOR
119020.2 115208.3 SUPERIOR
116199.6 115227.5 SUPERIOR
123395.4 115232.8 SUPERIOR
103209.4 115273.5 INFERIOR
122830.8 115214.7 SUPERIOR
116238.0 115252.6 SUPERIOR
128889.8 115258.0 SUPERIOR
110256.2 115325.3 INFERIOR
118978.7 115301.2 SUPERIOR
127960.8 115319.8 SUPERIOR
103075.3 115382.2 INFERIOR
128116.9 115322.9 SUPERIOR
120636.6 115385.9 SUPERIOR
102035.1 115412.2 INFERIOR
109028.9 115348.0 INFERIOR
121245.2 115318.0 SUPERIOR
102020.5 115347.4 INFERIOR
117465.1 115283.5 SUPERIOR
110376.5 115294.7 INFERIOR
118627.5 115271.5 SUPERIOR
101372.3 115288.2 INFERIOR
126146.1 115221.8 SUPERIOR
129204.7 115274.8 SUPERIOR
129066.3 115342.3 SUPERIOR
122489.6 115408.9 SUPERIOR
103902.6 115443.7 INFERIOR
122747.9 115389.2 SUPERIOR
100737.6 115425.2 INFERIOR
100663.7 115355.8 INFERIOR
109708.3 115286.4 INFERIOR
114659.3 115260.3 INFERIOR
123112.2 115258.0 SUPERIOR
120498.9 115295.9 SUPERIOR
113377.1 115321.2 INFERIOR
108208.8 115312.6 INFERIOR
129913.7 115279.5 SUPERIOR
112785.4 115349.3 INFERIOR
113541.6 115337.9 INFERIOR
104908.7 115330.0 INFERIOR
123844.3 115281.5 SUPERIOR
120810.5 115322.4 SUPERIOR
106623.1 115348.8 INFERIOR
102471.4 115308.5 INFERIOR
120415.0 115248.8 SUPERIOR
119635.3 115273.5 SUPERIOR
108197.8 115294.5 INFERIOR
128525.9 115261.8 SUPERIOR
104531.7 115324.3 INFERIOR
112970.0 115274.6 INFERIOR
128308.5 115264.3 SUPERIOR
112591.8 115325.6 INFERIOR
119155.8 115313.5 SUPERIOR
111927.8 115331.9 INFERIOR
108226.5 115316.8 INFERIOR
129519.3 115284.5 SUPERIOR
112280.0 115350.9 INFERIOR
126823.0 115337.4 SUPERIOR
106898.6 115391.1 INFERIOR
106393.1 115352.6 INFERIOR
100934.0 115312.0 INFERIOR
119550.0 115246.4 SUPERIOR
111055.8 115266.6 INFERIOR
125930.7 115247.8 SUPERIOR
114196.3 115297.2 INFERIOR
129045.8 115292.7 SUPERIOR
105565.8 115356.2 INFERIOR
126058.7 115312.1 SUPERIOR
123297.9 115361.8 SUPERIOR
123127.7 115398.6 SUPERIOR
125343.5 115434.6 SUPERIOR
122830.7 115480.4 SUPERIOR
118786.6 115514.7 SUPERIOR
103937.3 115530.5 INFERIOR
100975.8 115478.8 INFERIOR
127625.4 115414.0 SUPERIOR
118499.5 115470.0 SUPERIOR
123896.1 115484.5 SUPERIOR
114445.7 115523.3 INFERIOR
103519.2 115519.4 INFERIOR
103755.6 115466.2 INFERIOR
120567.0 115414.4 SUPERIOR
112909.2 115438.2 INFERIOR
106015.7 115427.7 INFERIOR
114747.8 115386.2 INFERIOR
101926.3 115384.0 INFERIOR
117459.1 115324.5 SUPERIOR
108069.8 115334.6 INFERIOR
123926.8 115302.8 SUPERIOR
109310.9 115341.7 INFERIOR
113656.6 115315.5 INFERIOR
100348.6 115308.7 INFERIOR
102173.4 115242.7 INFERIOR
111774.8 115185.1 INFERIOR
114398.2 115170.3 INFERIOR
118000.6 115167.2 SUPERIOR
108749.9 115180.1 INFERIOR
120849.5 115152.0 SUPERIOR
125803.7 115177.4 SUPERIOR
123395.5 115224.6 SUPERIOR
101188.6 115261.0 INFERIOR
114415.2 115199.5 INFERIOR
103147.9 115196.4 INFERIOR
107261.4 115143.9 INFERIOR
129599.9 115109.6 SUPERIOR
104274.9 115173.2 INFERIOR
114966.6 115125.9 INFERIOR
118544.7 115125.4 SUPERIOR
121073.9 115140.5 SUPERIOR
116789.5 115166.7 SUPERIOR
100293.1 115174.1 INFERIOR
109793.8 115109.6 INFERIOR
115531.3 115086.7 SUPERIOR
102636.0 115088.8 INFERIOR
110518.8 115034.9 INFERIOR
100996.1 115015.4 INFERIOR
102357.4 114954.8 INFERIOR
111907.7 114900.3 INFERIOR
103981.5 114887.2 INFERIOR
117026.2 114840.0 SUPERIOR
120683.9 114849.2 SUPERIOR
124017.6 114874.1 SUPERIOR
106004.5 114913.2 INFERIOR
105024.5 114874.8 INFERIOR
103137.0 114832.4 INFERIOR
119092.9 114782.0 SUPERIOR
121194.3 114800.1 SUPERIOR
100947.6 114827.2 INFERIOR
128086.4 114767.6 SUPERIOR
101559.1 114824.1 INFERIOR
116238.9 114767.3 SUPERIOR
121271.8 114773.2 SUPERIOR
126129.1 114800.5 SUPERIOR
121422.6 114848.4 SUPERIOR
124051.8 114876.1 SUPERIOR
110183.5 114914.8 INFERIOR
124444.8 114894.7 SUPERIOR
102403.4 114935.0 INFERIOR
126844.5 114881.9 SUPERIOR
116427.8 114932.3 SUPERIOR
124518.9 114938.5 SUPERIOR
113569.5 114978.8 INFERIOR
119307.3 114972.9 SUPERIOR
115792.1 114991.1 SUPERIOR
121947.7 114994.5 SUPERIOR
102448.9 115023.7 INFERIOR
101810.6 114971.0 INFERIOR
107413.1 114915.8 INFERIOR
104786.3 114884.3 INFERIOR
126153.5 114842.0 SUPERIOR
106576.4 114889.0 INFERIOR
129276.0 114854.2 SUPERIOR
110106.9 114914.1 INFERIOR
105463.5 114893.9 INFERIOR
123691.0 114854.6 SUPERIOR
119761.2 114891.1 SUPERIOR
114945.9 114911.2 SUPERIOR
116660.9 114911.2 SUPERIOR
121576.1 114918.3 SUPERIOR
106853.6 114945.8 INFERIOR
129890.0 114912.3 SUPERIOR
129243.8 114974.0 SUPERIOR
119509.8 115032.8 SUPERIOR
105986.3 115051.3 INFERIOR
120406.8 115014.1 SUPERIOR
102166.0 115036.3 INFERIOR
100919.6 114983.6 INFERIOR
107730.5 114925.9 INFERIOR
113878.7 114896.3 INFERIOR
126048.2 114892.0 SUPERIOR
121815.1 114937.5 SUPERIOR
122281.2 114965.5 SUPERIOR
112764.8 114995.3 INFERIOR
110378.0 114986.3 INFERIOR
111131.2 114967.5 INFERIOR
129629.5 114951.9 SUPERIOR
101203.3 115011.5 INFERIOR
126010.9 114955.5 SUPERIOR
117360.3 115000.3 SUPERIOR
113158.5 115009.9 INFERIOR
121757.7 115002.4 SUPERIOR
114600.1 115029.7 INFERIOR
126202.7 115028.1 SUPERIOR
127021.1 115073.3 SUPERIOR
112651.6 115121.6 INFERIOR
108304.8 115111.8 INFERIOR
117770.5 115084.6 SUPERIOR
127370.9 115095.6 SUPERIOR
106319.9 115145.0 INFERIOR
118689.0 115109.9 SUPERIOR
118946.8 115124.4 SUPERIOR
121993.4 115139.9 SUPERIOR
