121074.5 119597.9 SUPERIOR
110784.7 120254.1 INFERIOR
108807.8 110210.4 INFERIOR
124280.8 105673.2 SUPERIOR
124303.4 114382.6 SUPERIOR
126012.2 119014.2 SUPERIOR
127397.2 122538.7 SUPERIOR
115340.3 125306.7 INFERIOR
115045.5 122252.8 INFERIOR
123948.9 120020.9 SUPERIOR
119498.9 121391.6 INFERIOR
121059.0 121021.7 SUPERIOR
123873.8 121182.4 SUPERIOR
126700.2 122051.2 SUPERIOR
110139.9 123431.8 INFERIOR
111267.5 120625.3 INFERIOR
102819.5 118606.1 INFERIOR
117348.4 115178.7 SUPERIOR
101078.3 115259.6 INFERIOR
113967.9 112236.3 SUPERIOR
116279.3 112044.8 SUPERIOR
108596.2 112295.5 INFERIOR
117725.0 111239.2 SUPERIOR
100915.0 111800.2 INFERIOR
101120.4 109708.7 INFERIOR
124678.0 107926.5 SUPERIOR
110805.7 109741.5 SUPERIOR
103811.8 109434.0 INFERIOR
115667.3 108237.5 SUPERIOR
123099.8 108712.9 SUPERIOR
106474.6 110073.0 INFERIOR
118686.7 109280.3 SUPERIOR
102560.4 110011.2 INFERIOR
101550.5 108831.3 INFERIOR
115940.6 107658.5 SUPERIOR
116219.1 108157.3 SUPERIOR
119122.9 108644.6 SUPERIOR
121782.7 109390.7 SUPERIOR
129275.6 110341.6 SUPERIOR
115489.0 111945.8 SUPERIOR
109688.7 112106.2 INFERIOR
123855.6 111716.1 SUPERIOR
108125.0 112646.8 INFERIOR
113169.1 112108.7 SUPERIOR
102353.7 112051.7 INFERIOR
100760.5 111080.0 INFERIOR
128879.5 110048.0 SUPERIOR
125079.4 111386.8 SUPERIOR
120879.2 112329.9 SUPERIOR
112268.6 112880.4 INFERIOR
105198.8 112732.6 INFERIOR
104693.1 112061.9 INFERIOR
107507.3 111398.2 INFERIOR
116476.8 110982.5 SUPERIOR
121437.9 111234.6 SUPERIOR
119805.9 111820.6 SUPERIOR
108398.0 112259.9 INFERIOR
128646.0 111900.6 SUPERIOR
122136.9 112912.9 SUPERIOR
116630.6 113441.2 SUPERIOR
118351.6 113585.0 SUPERIOR
112588.0 113830.6 INFERIOR
107431.9 113703.0 INFERIOR
110679.2 113265.3 INFERIOR
122735.4 113048.1 SUPERIOR
100431.8 113562.4 INFERIOR
103482.2 112738.8 INFERIOR
101380.1 112134.1 INFERIOR
101221.9 111440.0 INFERIOR
125663.8 110771.8 SUPERIOR
121109.7 111494.6 SUPERIOR
114225.2 111934.0 SUPERIOR
102935.0 111981.0 INFERIOR
114748.5 111424.1 SUPERIOR
114204.2 111515.2 SUPERIOR
105196.1 111574.4 INFERIOR
113015.5 111169.5 SUPERIOR
111955.1 111179.0 SUPERIOR
118475.5 111135.5 SUPERIOR
119052.8 111416.5 SUPERIOR
101359.1 111714.0 INFERIOR
111238.4 111146.8 SUPERIOR
118775.8 111074.1 SUPERIOR
115094.1 111359.5 SUPERIOR
125694.7 111462.5 SUPERIOR
119760.8 112049.2 SUPERIOR
104888.0 112343.2 INFERIOR
102117.1 111957.5 INFERIOR
119272.6 111463.9 SUPERIOR
100795.3 111743.7 INFERIOR
117573.3 111209.9 SUPERIOR
128206.9 111418.1 SUPERIOR
117264.2 112071.3 SUPERIOR
111645.1 112240.1 INFERIOR
119298.6 112168.9 SUPERIOR
113747.6 112416.1 SUPERIOR
116368.5 112428.1 SUPERIOR
128243.9 112545.8 SUPERIOR
