1007287.8 1008977.9 INFERIOR
1008862.0 1010545.8 INFERIOR
1010708.9 1011838.4 INFERIOR
1011625.5 1013406.0 INFERIOR
1012508.4 1014464.3 INFERIOR
1013832.6 1015337.6 INFERIOR
1014966.9 1016366.5 INFERIOR
1015941.2 1017400.4 INFERIOR
1016654.4 1018379.4 INFERIOR
1017093.2 1019235.2 INFERIOR
1017857.6 1019925.9 INFERIOR
1017919.3 1020611.8 INFERIOR
1018319.2 1021096.6 INFERIOR
1019479.1 1021533.1 INFERIOR
1019998.0 1022127.3 INFERIOR
1020418.5 1022688.7 INFERIOR
1020434.3 1023204.9 INFERIOR
1019997.9 1023602.5 INFERIOR
1020811.7 1023818.7 INFERIOR
1020928.3 1024131.5 INFERIOR
1020443.1 1024395.7 INFERIOR
1021312.2 1024516.8 INFERIOR
1021267.2 1024748.3 INFERIOR
1020558.5 1024924.9 INFERIOR
1020954.1 1024954.6 INFERIOR
1021109.5 1025026.0 INFERIOR
1020197.8 1025098.9 INFERIOR
1020110.0 1025026.3 INFERIOR
1020604.4 1024940.4 INFERIOR
1020188.9 1024918.8 INFERIOR
1020323.7 1024839.2 INFERIOR
1019837.7 1024776.7 INFERIOR
1019677.2 1024656.3 INFERIOR
1019575.7 1024523.0 INFERIOR
1018390.1 1024385.3 INFERIOR
1018889.1 1024127.0 INFERIOR
1018652.7 1023939.8 INFERIOR
1018271.4 1023740.5 INFERIOR
1018052.1 1023516.2 INFERIOR
1016990.1 1023285.7 INFERIOR
1017073.5 1022969.7 INFERIOR
1017052.7 1022683.9 INFERIOR
1016923.4 1022416.0 INFERIOR
1016542.0 1022154.6 INFERIOR
1016623.5 1021877.6 INFERIOR
1015989.9 1021625.8 INFERIOR
1015582.5 1021337.6 INFERIOR
1015351.5 1021034.8 INFERIOR
1015391.7 1020733.1 INFERIOR
1015525.8 1020453.8 INFERIOR
1015648.3 1020202.2 INFERIOR
1015727.4 1019975.3 INFERIOR
1015448.2 1019767.9 INFERIOR
1015297.3 1019552.4 INFERIOR
1015368.7 1019338.7 INFERIOR
1015411.3 1019142.3 INFERIOR
1016237.5 1018960.0 INFERIOR
1015719.8 1018843.9 INFERIOR
1016019.5 1018699.5 INFERIOR
1016730.8 1018582.5 INFERIOR
1016859.5 1018517.6 INFERIOR
1016758.5 1018463.9 INFERIOR
1017302.5 1018406.5 INFERIOR
1018151.3 1018385.3 INFERIOR
1018168.0 1018416.3 INFERIOR
1018272.3 1018446.4 INFERIOR
1019057.1 1018480.7 SUPERIOR
1019338.1 1018558.4 SUPERIOR
1020174.9 1018648.0 SUPERIOR
1020236.4 1018780.0 SUPERIOR
1020478.6 1018908.7 SUPERIOR
1021898.7 1019044.1 SUPERIOR
1021960.0 1019249.6 SUPERIOR
1022728.0 1019448.4 SUPERIOR
1022752.5 1019678.1 SUPERIOR
1023497.6 1019898.3 SUPERIOR
1023802.1 1020146.4 SUPERIOR
1024631.5 1020398.6 SUPERIOR
1024959.2 1020680.7 SUPERIOR
1024977.2 1020966.5 SUPERIOR
1025139.6 1021240.4 SUPERIOR
1025800.1 1021510.2 SUPERIOR
1025806.2 1021799.6 SUPERIOR
1026857.9 1022077.0 SUPERIOR
1026581.3 1022391.4 SUPERIOR
1027035.5 1022680.0 SUPERIOR
1027560.0 1022977.2 SUPERIOR
1027228.9 1023285.7 SUPERIOR
1027641.0 1023566.9 SUPERIOR
1028346.5 1023854.9 SUPERIOR
1027941.4 1024162.0 SUPERIOR
1028130.7 1024439.4 SUPERIOR
1028335.6 1024714.0 SUPERIOR
1028032.8 1024986.5 SUPERIOR
1028266.0 1025235.9 SUPERIOR
1028026.9 1025485.2 SUPERIOR
1027934.3 1025715.2 SUPERIOR
1027789.4 1025932.7 SUPERIOR
1028220.2 1026136.1 SUPERIOR
1028087.8 1026349.0 SUPERIOR
1027426.3 1026548.6 SUPERIOR
1027485.8 1026715.2 SUPERIOR
1027147.0 1026877.8 SUPERIOR
1026333.5 1027021.5 INFERIOR
1025918.8 1027129.1 INFERIOR
1026418.6 1027217.0 INFERIOR
1025679.3 1027320.0 INFERIOR
1024944.8 1027392.0 INFERIOR
1024582.1 1027434.3 INFERIOR
1024481.8 1027461.7 INFERIOR
1024331.2 1027484.0 INFERIOR
1023485.9 1027499.7 INFERIOR
1023207.8 1027484.8 INFERIOR
1023328.7 1027460.0 INFERIOR
1022555.2 1027439.7 INFERIOR
1021936.1 1027393.0 INFERIOR
1022166.2 1027326.2 INFERIOR
1021923.8 1027268.6 INFERIOR
1021020.3 1027204.1 INFERIOR
1021332.0 1027111.1 INFERIOR
1020899.2 1027030.6 INFERIOR
1020668.9 1026937.8 INFERIOR
1020064.9 1026839.8 INFERIOR
1020024.4 1026724.8 INFERIOR
1019829.6 1026611.3 INFERIOR
1020032.3 1026494.4 INFERIOR
1019455.0 1026386.7 INFERIOR
1019553.7 1026263.6 INFERIOR
1019713.9 1026146.5 INFERIOR
1020057.2 1026037.1 INFERIOR
1019764.8 1025940.6 INFERIOR
1019592.0 1025837.6 INFERIOR
1019943.4 1025731.8 INFERIOR
1020544.5 1025638.9 INFERIOR
1020486.5 1025565.7 INFERIOR
1020704.3 1025492.5 INFERIOR
1021008.0 1025427.1 INFERIOR
1021015.4 1025371.9 INFERIOR
1021806.2 1025318.0 INFERIOR
1021458.4 1025287.6 INFERIOR
1022164.4 1025248.0 INFERIOR
1022507.0 1025228.8 INFERIOR
1023285.0 1025219.3 INFERIOR
1023693.1 1025231.4 INFERIOR
1024293.2 1025254.0 INFERIOR
1024141.8 1025292.3 INFERIOR
1024818.7 1025325.4 INFERIOR
1025040.9 1025375.6 INFERIOR
1026149.4 1025430.3 SUPERIOR
1025757.5 1025513.0 SUPERIOR
1026464.4 1025583.2 SUPERIOR
1027041.4 1025670.1 SUPERIOR
1027361.0 1025769.8 SUPERIOR
1027783.1 1025875.3 SUPERIOR
1028382.4 1025989.0 SUPERIOR
1028169.8 1026115.3 SUPERIOR
1028541.4 1026233.2 SUPERIOR
1028944.4 1026357.6 SUPERIOR
1029240.6 1026489.2 SUPERIOR
1030221.3 1026625.0 SUPERIOR
1029841.9 1026782.0 SUPERIOR
1030685.6 1026926.0 SUPERIOR
1030637.6 1027087.3 SUPERIOR
1031141.4 1027243.9 SUPERIOR
1030710.7 1027409.0 SUPERIOR
1031108.2 1027560.2 SUPERIOR
1031143.3 1027717.5 SUPERIOR
1031211.8 1027872.1 SUPERIOR
1030945.1 1028025.0 SUPERIOR
1030818.1 1028168.2 SUPERIOR
1031461.5 1028305.4 SUPERIOR
1031150.8 1028454.5 SUPERIOR
1030687.6 1028593.2 SUPERIOR
1030391.0 1028718.3 SUPERIOR
1030847.9 1028834.0 SUPERIOR
1030652.7 1028957.4 SUPERIOR
1030266.8 1029073.9 SUPERIOR
1029488.0 1029179.2 SUPERIOR
1029574.4 1029265.0 SUPERIOR
1029453.9 1029350.8 SUPERIOR
1029056.5 1029432.1 INFERIOR
1027944.8 1029502.9 INFERIOR
1028170.1 1029548.0 INFERIOR
1027270.3 1029596.9 INFERIOR
1027556.3 1029625.3 INFERIOR
1027006.7 1029659.1 INFERIOR
1026574.5 1029680.4 INFERIOR
1026318.4 1029691.9 INFERIOR
1025344.4 1029697.6 INFERIOR
1024960.7 1029682.6 INFERIOR
1025414.8 1029659.7 INFERIOR
1024848.4 1029646.4 INFERIOR
1024734.2 1029621.5 INFERIOR
1023946.2 1029594.5 INFERIOR
1023693.1 1029551.7 INFERIOR
1023741.0 1029504.3 INFERIOR
1022804.0 1029458.6 INFERIOR
1022606.4 1029394.7 INFERIOR
1022296.8 1029327.7 INFERIOR
1022401.6 1029255.6 INFERIOR
1022380.7 1029186.7 INFERIOR
1022402.8 1029118.3 INFERIOR
1022422.5 1029051.5 INFERIOR
1022025.6 1028985.9 INFERIOR
1022163.9 1028913.7 INFERIOR
1022375.6 1028845.1 INFERIOR
1021919.2 1028781.7 INFERIOR
1021963.5 1028710.4 INFERIOR
1022470.9 1028641.0 INFERIOR
1022880.1 1028582.3 INFERIOR
1023257.9 1028532.1 INFERIOR
1023334.8 1028489.6 INFERIOR
1023234.4 1028449.2 INFERIOR
1023974.3 1028407.5 INFERIOR
1024089.8 1028380.0 INFERIOR
1024461.0 1028354.9 INFERIOR
1024836.6 1028336.9 INFERIOR
1025329.7 1028326.0 INFERIOR
1025605.7 1028324.1 INFERIOR
1025877.5 1028327.0 INFERIOR
1025732.5 1028334.8 INFERIOR
1026489.0 1028339.6 INFERIOR
1026930.2 1028357.8 INFERIOR
1027527.2 1028383.5 INFERIOR
1027985.8 1028419.2 INFERIOR
1028080.3 1028462.3 INFERIOR
1028893.0 1028506.3 SUPERIOR
1028777.8 1028563.7 SUPERIOR
1029478.0 1028618.1 SUPERIOR
1030054.0 1028683.7 SUPERIOR
1030648.5 1028758.2 SUPERIOR
1030954.2 1028841.6 SUPERIOR
1030775.2 1028928.9 SUPERIOR
1031111.8 1029011.7 SUPERIOR
1032137.6 1029099.0 SUPERIOR
1031875.9 1029202.1 SUPERIOR
1032484.8 1029299.2 SUPERIOR
1032014.7 1029404.9 SUPERIOR
1033002.2 1029501.2 SUPERIOR
1033023.2 1029612.4 SUPERIOR
1032720.2 1029722.1 SUPERIOR
1032506.8 1029825.3 SUPERIOR
1032936.7 1029923.3 SUPERIOR
1032659.5 1030026.8 SUPERIOR
1033002.0 1030124.2 SUPERIOR
1032903.6 1030225.7 SUPERIOR
1033176.0 1030324.1 SUPERIOR
1032668.8 1030425.3 SUPERIOR
1032629.1 1030516.9 SUPERIOR
1032599.0 1030606.5 SUPERIOR
1032028.6 1030694.3 SUPERIOR
1031980.4 1030771.7 SUPERIOR
1031436.9 1030847.1 SUPERIOR
1031144.3 1030912.9 SUPERIOR
1030636.8 1030973.1 INFERIOR
1030270.0 1031024.5 INFERIOR
1030483.2 1031069.4 INFERIOR
1029941.6 1031116.9 INFERIOR
1029076.7 1031155.3 INFERIOR
1028802.9 1031179.8 INFERIOR
1028926.5 1031199.7 INFERIOR
1028730.9 1031221.1 INFERIOR
1027840.5 1031239.1 INFERIOR
1027346.7 1031243.4 INFERIOR
1027145.6 1031240.1 INFERIOR
1026726.5 1031233.7 INFERIOR
1025936.1 1031221.0 INFERIOR
1026327.0 1031196.6 INFERIOR
1025573.1 1031178.3 INFERIOR
1025138.2 1031149.0 INFERIOR
1024638.5 1031113.5 INFERIOR
1024565.2 1031071.1 INFERIOR
1024156.0 1031028.0 INFERIOR
1024458.2 1030979.5 INFERIOR
1023883.0 1030935.8 INFERIOR
1024068.5 1030884.4 INFERIOR
1024280.2 1030836.1 INFERIOR
1024033.4 1030791.4 INFERIOR
1024184.1 1030743.6 INFERIOR
1023985.5 1030698.5 INFERIOR
1023538.6 1030651.1 INFERIOR
1024246.7 1030597.8 INFERIOR
1023726.6 1030555.1 INFERIOR
1023713.6 1030505.5 INFERIOR
1024028.5 1030456.3 INFERIOR
1023973.1 1030411.9 INFERIOR
1024018.2 1030367.3 INFERIOR
1025207.1 1030323.7 INFERIOR
1025178.3 1030297.0 INFERIOR
1024908.0 1030270.2 INFERIOR
1025355.4 1030239.9 INFERIOR
1026181.9 1030216.0 INFERIOR
1026489.3 1030203.5 INFERIOR
1026630.7 1030195.3 INFERIOR
1027224.6 1030189.1 INFERIOR
1027258.2 1030190.8 INFERIOR
1028004.7 1030192.9 INFERIOR
1028325.0 1030204.9 INFERIOR
1029111.2 1030220.9 INFERIOR
1029374.2 1030247.1 INFERIOR
1029685.1 1030276.5 INFERIOR
1029701.5 1030309.5 INFERIOR
1030324.3 1030342.4 INFERIOR
1030719.9 1030382.9 SUPERIOR
1030847.0 1030428.1 SUPERIOR
1031362.7 1030474.3 SUPERIOR
1032211.0 1030526.7 SUPERIOR
1032335.8 1030589.4 SUPERIOR
1032862.1 1030652.9 SUPERIOR
1032712.3 1030722.4 SUPERIOR
1033228.3 1030789.2 SUPERIOR
1033803.1 1030861.7 SUPERIOR
1033786.9 1030940.7 SUPERIOR
1033870.5 1031018.5 SUPERIOR
1034516.0 1031096.4 SUPERIOR
1034397.6 1031181.6 SUPERIOR
1033972.8 1031264.3 SUPERIOR
1034684.1 1031340.7 SUPERIOR
1034774.1 1031425.0 SUPERIOR
1034805.8 1031509.5 SUPERIOR
1034617.4 1031593.5 SUPERIOR
1033916.9 1031674.1 SUPERIOR
1033917.9 1031745.1 SUPERIOR
1034209.2 1031815.3 SUPERIOR
1033835.5 1031888.2 SUPERIOR
1033468.8 1031955.8 SUPERIOR
1033370.2 1032018.0 SUPERIOR
1032708.9 1032078.4 SUPERIOR
1032483.5 1032130.0 SUPERIOR
1032521.7 1032178.3 SUPERIOR
1031623.2 1032226.5 INFERIOR
1031946.6 1032263.3 INFERIOR
1031558.1 1032303.5 INFERIOR
1031263.8 1032338.6 INFERIOR
1030341.8 1032369.8 INFERIOR
1030356.6 1032389.6 INFERIOR
1029392.1 1032409.4 INFERIOR
1029555.6 1032417.5 INFERIOR
1029234.2 1032427.3 INFERIOR
1028679.7 1032433.3 INFERIOR
1028187.3 1032432.6 INFERIOR
1027759.2 1032426.1 INFERIOR
1027173.2 1032414.7 INFERIOR
1027302.5 1032396.5 INFERIOR
1026701.8 1032379.9 INFERIOR
1026767.5 1032356.5 INFERIOR
1026274.6 1032334.1 INFERIOR
1026106.3 1032306.1 INFERIOR
1025182.5 1032276.5 INFERIOR
1025251.5 1032236.5 INFERIOR
1025273.6 1032197.7 INFERIOR
1024816.1 1032159.5 INFERIOR
1024554.2 1032116.4 INFERIOR
1024674.0 1032070.7 INFERIOR
1024997.7 1032026.8 INFERIOR
1024901.8 1031986.9 INFERIOR
1024582.5 1031946.2 INFERIOR
1024559.8 1031902.4 INFERIOR
1025080.5 1031858.6 INFERIOR
1025574.5 1031821.0 INFERIOR
1024922.0 1031789.2 INFERIOR
1026020.6 1031750.4 INFERIOR
1025920.0 1031724.0 INFERIOR
1025726.6 1031696.7 INFERIOR
1026347.1 1031667.5 INFERIOR
1026227.6 1031645.3 INFERIOR
1026487.5 1031622.0 INFERIOR
1027235.2 1031601.7 INFERIOR
1028027.3 1031589.6 INFERIOR
1027891.6 1031586.1 INFERIOR
1028659.9 1031581.1 INFERIOR
1028856.4 1031584.3 INFERIOR
1029632.3 1031589.6 INFERIOR
1029984.6 1031603.1 INFERIOR
1030628.1 1031620.2 INFERIOR
1030725.8 1031643.8 INFERIOR
1031065.2 1031668.3 INFERIOR
1030985.7 1031696.0 INFERIOR
1032331.4 1031722.6 SUPERIOR
1032282.9 1031763.1 SUPERIOR
1032789.9 1031802.6 SUPERIOR
1033002.3 1031847.0 SUPERIOR
1033688.0 1031893.2 SUPERIOR
1034065.1 1031946.1 SUPERIOR
1033628.5 1032002.3 SUPERIOR
1034767.4 1032053.4 SUPERIOR
1034870.4 1032115.8 SUPERIOR
1034289.2 1032178.7 SUPERIOR
1035434.4 1032235.0 SUPERIOR
1034813.6 1032302.4 SUPERIOR
1035302.2 1032362.9 SUPERIOR
1035134.5 1032427.7 SUPERIOR
1034889.6 1032490.3 SUPERIOR
1035765.0 1032549.7 SUPERIOR
1035600.3 1032617.5 SUPERIOR
1035581.7 1032682.9 SUPERIOR
1035196.0 1032747.5 SUPERIOR
1035299.7 1032807.6 SUPERIOR
1035371.8 1032868.3 SUPERIOR
1034384.5 1032929.0 SUPERIOR
1034564.3 1032979.4 SUPERIOR
1034857.4 1033031.0 SUPERIOR
1034371.5 1033085.1 SUPERIOR
1033473.9 1033133.9 SUPERIOR
1033970.9 1033173.3 SUPERIOR
1033283.4 1033217.3 SUPERIOR
1032855.1 1033254.1 INFERIOR
1032648.9 1033286.3 INFERIOR
1031745.4 1033316.2 INFERIOR
1031732.9 1033337.0 INFERIOR
1031730.8 1033357.5 INFERIOR
1030714.4 1033377.7 INFERIOR
1030701.3 1033387.9 INFERIOR
1030236.9 1033397.9 INFERIOR
1029507.5 1033403.3 INFERIOR
1029161.7 1033401.5 INFERIOR
1029304.4 1033396.5 INFERIOR
1028240.1 1033392.8 INFERIOR
1028428.3 1033378.9 INFERIOR
1028074.0 1033366.9 INFERIOR
1027156.8 1033351.6 INFERIOR
1026966.1 1033327.8 INFERIOR
1026713.4 1033302.2 INFERIOR
1026861.2 1033274.5 INFERIOR
1026201.0 1033248.4 INFERIOR
1026507.4 1033216.2 INFERIOR
1026206.8 1033187.1 INFERIOR
1026003.7 1033155.4 INFERIOR
1025502.0 1033122.1 INFERIOR
1025602.5 1033084.3 INFERIOR
1025919.3 1033047.7 INFERIOR
1025995.8 1033014.3 INFERIOR
1026097.6 1032981.9 INFERIOR
1025866.4 1032950.6 INFERIOR
1026330.0 1032917.4 INFERIOR
1026438.7 1032888.7 INFERIOR
1026891.8 1032861.1 INFERIOR
1026359.1 1032837.9 INFERIOR
1027071.6 1032810.0 INFERIOR
1027538.2 1032788.7 INFERIOR
1027286.9 1032771.8 INFERIOR
1027972.1 1032752.7 INFERIOR
1027728.2 1032739.9 INFERIOR
1028758.8 1032725.0 INFERIOR
1028849.1 1032719.4 INFERIOR
1028917.1 1032714.6 INFERIOR
1029765.6 1032710.4 INFERIOR
1029996.4 1032713.8 INFERIOR
1030368.2 1032719.2 INFERIOR
1031279.5 1032727.8 INFERIOR
1030922.0 1032744.4 INFERIOR
1031498.5 1032757.6 INFERIOR
1032616.2 1032775.8 INFERIOR
1032768.0 1032803.7 INFERIOR
1033221.7 1032832.6 SUPERIOR
1033170.8 1032865.3 SUPERIOR
1033601.0 1032897.2 SUPERIOR
1034213.2 1032932.6 SUPERIOR
1034525.1 1032973.0 SUPERIOR
1034436.6 1033015.8 SUPERIOR
1035151.2 1033057.5 SUPERIOR
1035810.2 1033105.0 SUPERIOR
1035607.3 1033157.8 SUPERIOR
1035899.4 1033208.4 SUPERIOR
1036391.8 1033261.1 SUPERIOR
1036284.4 1033317.6 SUPERIOR
1036364.8 1033372.7 SUPERIOR
1036154.2 1033428.1 SUPERIOR
1036501.0 1033481.2 SUPERIOR
1036077.2 1033536.9 SUPERIOR
1035989.5 1033588.5 SUPERIOR
1036208.6 1033639.0 SUPERIOR
1036207.8 1033690.9 SUPERIOR
1036215.8 1033742.4 SUPERIOR
1035731.5 1033793.5 SUPERIOR
1035750.2 1033840.2 SUPERIOR
1035812.2 1033886.6 SUPERIOR
1035578.5 1033933.2 SUPERIOR
1034927.1 1033977.5 SUPERIOR
1034711.4 1034016.0 SUPERIOR
1033975.2 1034052.5 INFERIOR
1033898.4 1034082.5 INFERIOR
1033887.1 1034111.6 INFERIOR
1033234.7 1034140.4 INFERIOR
1033048.6 1034163.6 INFERIOR
1032615.9 1034185.1 INFERIOR
1031577.9 1034202.8 INFERIOR
1031348.7 1034211.9 INFERIOR
1030824.8 1034219.0 INFERIOR
1030364.2 1034221.8 INFERIOR
1029875.4 1034220.7 INFERIOR
1029827.5 1034215.7 INFERIOR
1029224.5 1034210.3 INFERIOR
1028966.4 1034200.1 INFERIOR
1029258.8 1034187.8 INFERIOR
1028809.6 1034177.9 INFERIOR
1028318.8 1034164.4 INFERIOR
1027896.5 1034147.1 INFERIOR
1027498.9 1034126.4 INFERIOR
1027209.0 1034102.8 INFERIOR
1027353.6 1034076.9 INFERIOR
1027387.1 1034052.4 INFERIOR
1026932.5 1034028.2 INFERIOR
1026343.7 1034000.6 INFERIOR
1027192.8 1033968.5 INFERIOR
1026998.8 1033943.3 INFERIOR
1026694.4 1033916.7 INFERIOR
1026514.0 1033887.9 INFERIOR
1026887.2 1033857.8 INFERIOR
1027272.5 1033830.9 INFERIOR
1026615.0 1033807.1 INFERIOR
1026904.2 1033778.3 INFERIOR
1027773.2 1033751.9 INFERIOR
1027384.6 1033732.4 INFERIOR
1028217.8 1033710.0 INFERIOR
1028312.2 1033694.2 INFERIOR
1028788.7 1033679.3 INFERIOR
1028551.0 1033668.0 INFERIOR
1029556.7 1033655.0 INFERIOR
1029380.2 1033649.7 INFERIOR
1029762.0 1033643.2 INFERIOR
1030719.8 1033639.5 INFERIOR
1030218.6 1033643.2 INFERIOR
1030971.4 1033643.0 INFERIOR
1031629.1 1033648.5 INFERIOR
1032341.4 1033658.9 INFERIOR
1032247.5 1033674.6 INFERIOR
1033138.4 1033689.5 INFERIOR
1032704.1 1033711.0 INFERIOR
1034019.4 1033729.1 SUPERIOR
1034167.6 1033756.9 SUPERIOR
1034153.2 1033785.6 SUPERIOR
1034807.9 1033814.0 SUPERIOR
1035339.0 1033847.1 SUPERIOR
1035216.6 1033883.9 SUPERIOR
1035687.2 1033919.5 SUPERIOR
1036100.7 1033958.4 SUPERIOR
1035814.5 1034000.0 SUPERIOR
1036703.1 1034039.3 SUPERIOR
1036360.0 1034084.8 SUPERIOR
1036314.4 1034127.5 SUPERIOR
1037358.3 1034169.6 SUPERIOR
1037076.8 1034219.0 SUPERIOR
1037030.7 1034266.0 SUPERIOR
1036559.2 1034312.4 SUPERIOR
1037200.0 1034355.0 SUPERIOR
1036812.3 1034402.0 SUPERIOR
1037316.3 1034445.8 SUPERIOR
1036514.6 1034493.0 SUPERIOR
1036172.6 1034534.0 SUPERIOR
1036380.3 1034572.3 SUPERIOR
1036192.2 1034611.9 SUPERIOR
1036208.1 1034649.7 SUPERIOR
1035865.2 1034687.5 SUPERIOR
1035151.4 1034722.5 SUPERIOR
1035061.4 1034752.1 SUPERIOR
1034412.2 1034780.9 INFERIOR
1034160.0 1034804.9 INFERIOR
1033616.0 1034826.8 INFERIOR
1033854.6 1034844.8 INFERIOR
1033107.7 1034864.3 INFERIOR
1032533.9 1034878.3 INFERIOR
1032244.0 1034888.1 INFERIOR
1032022.4 1034895.9 INFERIOR
1031982.3 1034902.0 INFERIOR
1031617.1 1034907.7 INFERIOR
1030511.8 1034910.8 INFERIOR
1030847.9 1034906.1 INFERIOR
1029620.1 1034903.8 INFERIOR
1029614.1 1034892.8 INFERIOR
1029321.8 1034881.9 INFERIOR
1029425.0 1034868.9 INFERIOR
1028757.0 1034856.8 INFERIOR
1027970.0 1034840.0 INFERIOR
1028477.6 1034817.8 INFERIOR
1027821.0 1034799.3 INFERIOR
1027460.7 1034776.4 INFERIOR
1027316.8 1034751.0 INFERIOR
1027432.3 1034724.8 INFERIOR
1027101.6 1034699.5 INFERIOR
1027473.7 1034672.1 INFERIOR
1027631.3 1034647.4 INFERIOR
1027600.6 1034623.9 INFERIOR
1027241.7 1034600.3 INFERIOR
1027686.5 1034574.4 INFERIOR
1027987.8 1034551.6 INFERIOR
1027868.5 1034531.0 INFERIOR
1028245.2 1034509.7 INFERIOR
1027763.1 1034491.0 INFERIOR
1028215.0 1034469.2 INFERIOR
1029005.6 1034450.5 INFERIOR
1028812.6 1034437.3 INFERIOR
1029188.4 1034422.8 INFERIOR
1029994.8 1034410.9 INFERIOR
1030079.8 1034404.5 INFERIOR
1030260.4 1034398.7 INFERIOR
1030732.3 1034394.1 INFERIOR
1031107.3 1034392.6 INFERIOR
1031263.9 1034393.6 INFERIOR
1031833.7 1034395.7 INFERIOR
1032133.3 1034401.5 INFERIOR
1032640.7 1034409.2 INFERIOR
1033057.3 1034420.3 INFERIOR
1034024.8 1034434.0 INFERIOR
1033875.4 1034454.0 INFERIOR
1034135.7 1034472.9 INFERIOR
1034622.1 1034493.3 SUPERIOR
1035603.7 1034516.9 SUPERIOR
1036065.4 1034546.7 SUPERIOR
1035526.1 1034579.3 SUPERIOR
1036514.0 1034608.2 SUPERIOR
1036823.9 1034643.4 SUPERIOR
1036681.9 1034680.4 SUPERIOR
1037310.1 1034716.2 SUPERIOR
1037554.6 1034755.9 SUPERIOR
1037288.3 1034796.9 SUPERIOR
1037953.1 1034835.9 SUPERIOR
1037367.0 1034879.0 SUPERIOR
1037806.4 1034918.1 SUPERIOR
1037762.7 1034959.7 SUPERIOR
1037459.7 1035000.8 SUPERIOR
1037493.0 1035039.8 SUPERIOR
1037626.1 1035078.6 SUPERIOR
1037657.4 1035118.2 SUPERIOR
1036991.0 1035157.6 SUPERIOR
1036964.0 1035192.6 SUPERIOR
1036602.9 1035227.2 SUPERIOR
1036409.3 1035259.3 SUPERIOR
1035949.0 1035290.0 SUPERIOR
1036274.0 1035317.5 SUPERIOR
1035922.2 1035347.0 SUPERIOR
1035157.8 1035374.0 INFERIOR
1035191.3 1035396.1 INFERIOR
1034726.6 1035418.2 INFERIOR
1033955.5 1035437.2 INFERIOR
1033532.2 1035451.3 INFERIOR
1033377.9 1035462.7 INFERIOR
1033032.9 1035473.0 INFERIOR
1032679.0 1035481.0 INFERIOR
1032279.8 1035486.8 INFERIOR
1032057.8 1035490.1 INFERIOR
1031826.6 1035491.9 INFERIOR
1031005.3 1035492.3 INFERIOR
1030429.2 1035487.6 INFERIOR
1030203.5 1035479.3 INFERIOR
1029826.9 1035469.6 INFERIOR
1029494.6 1035457.6 INFERIOR
1029142.5 1035443.7 INFERIOR
1029061.8 1035427.6 INFERIOR
1028809.7 1035411.1 INFERIOR
1028653.3 1035393.2 INFERIOR
1028247.9 1035374.3 INFERIOR
1028056.4 1035353.1 INFERIOR
1028055.4 1035330.7 INFERIOR
1027989.0 1035308.5 INFERIOR
1028418.4 1035286.0 INFERIOR
1027638.7 1035266.2 INFERIOR
1028178.5 1035241.7 INFERIOR
1027932.2 1035220.7 INFERIOR
1028482.7 1035198.2 INFERIOR
1027728.7 1035179.2 INFERIOR
1028765.3 1035155.7 INFERIOR
1028393.6 1035138.5 INFERIOR
1028816.5 1035119.2 INFERIOR
1028572.0 1035102.5 INFERIOR
1029107.9 1035084.5 INFERIOR
1029361.4 1035069.7 INFERIOR
1029941.0 1035056.5 INFERIOR
1029866.3 1035046.8 INFERIOR
1030412.7 1035036.6 INFERIOR
1030457.4 1035029.8 INFERIOR
1031078.9 1035023.3 INFERIOR
1031709.4 1035020.5 INFERIOR
1032494.0 1035021.4 INFERIOR
1032553.8 1035026.9 INFERIOR
1032391.3 1035032.7 INFERIOR
1033523.3 1035037.6 INFERIOR
1034057.3 1035049.0 INFERIOR
1034028.0 1035063.6 INFERIOR
1034264.9 1035077.9 INFERIOR
1035226.5 1035093.4 SUPERIOR
1035152.4 1035114.5 SUPERIOR
1035829.3 1035135.1 SUPERIOR
1036495.6 1035159.5 SUPERIOR
1036142.2 1035187.6 SUPERIOR
1036211.5 1035213.5 SUPERIOR
1037015.2 1035239.7 SUPERIOR
1037356.1 1035270.4 SUPERIOR
1037057.8 1035302.9 SUPERIOR
1037917.6 1035333.5 SUPERIOR
1037804.3 1035368.9 SUPERIOR
1037695.9 1035403.4 SUPERIOR
1037834.0 1035437.1 SUPERIOR
1037921.6 1035471.5 SUPERIOR
1038483.2 1035506.1 SUPERIOR
1038131.9 1035543.8 SUPERIOR
1038115.5 1035579.3 SUPERIOR
1038234.2 1035614.5 SUPERIOR
1038503.4 1035650.2 SUPERIOR
1038287.3 1035687.2 SUPERIOR
1038188.0 1035722.8 SUPERIOR
1037163.2 1035757.6 SUPERIOR
1037285.0 1035786.4 SUPERIOR
1037164.8 1035815.8 SUPERIOR
1036910.6 1035844.3 SUPERIOR
1036300.9 1035871.2 SUPERIOR
1035755.6 1035894.5 INFERIOR
1035953.5 1035914.6 SUPERIOR
1035005.2 1035935.7 INFERIOR
1035470.8 1035951.4 INFERIOR
1034450.5 1035969.6 INFERIOR
1034147.0 1035982.0 INFERIOR
1034128.5 1035992.6 INFERIOR
1033014.6 1036003.0 INFERIOR
1033411.9 1036007.1 INFERIOR
1032300.5 1036013.4 INFERIOR
1031816.0 1036013.5 INFERIOR
1032012.6 1036010.8 INFERIOR
1031295.1 1036009.3 INFERIOR
1031200.4 1036003.8 INFERIOR
1030935.9 1035997.7 INFERIOR
1030721.7 1035990.2 INFERIOR
1029657.9 1035981.6 INFERIOR
1030200.0 1035967.1 INFERIOR
1029577.5 1035955.6 INFERIOR
1028893.6 1035940.8 INFERIOR
1029052.8 1035922.2 INFERIOR
1028678.2 1035904.6 INFERIOR
1029209.4 1035885.1 INFERIOR
1028700.4 1035868.5 INFERIOR
1028131.6 1035849.2 INFERIOR
1028446.1 1035826.9 INFERIOR
1028067.4 1035806.3 INFERIOR
1028774.9 1035783.8 INFERIOR
1028863.9 1035765.3 INFERIOR
1028389.9 1035747.3 INFERIOR
1028442.2 1035726.8 INFERIOR
1028785.6 1035706.7 INFERIOR
1028838.2 1035688.5 INFERIOR
1029835.0 1035670.6 INFERIOR
1029254.9 1035658.2 INFERIOR
1029995.5 1035642.8 INFERIOR
1029739.5 1035631.3 INFERIOR
1030638.2 1035618.6 INFERIOR
1030887.1 1035610.7 INFERIOR
1030987.7 1035604.2 INFERIOR
1031091.0 1035598.2 INFERIOR
1031979.7 1035592.8 INFERIOR
1032713.7 1035592.1 INFERIOR
1032550.4 1035595.3 INFERIOR
1032911.4 1035597.7 INFERIOR
1033705.3 1035601.9 INFERIOR
1033745.8 1035610.3 INFERIOR
1034024.3 1035618.9 INFERIOR
1034905.7 1035628.9 INFERIOR
1035587.0 1035643.5 INFERIOR
1035911.2 1035661.7 SUPERIOR
1036536.5 1035681.4 SUPERIOR
1036105.2 1035704.3 SUPERIOR
1036785.7 1035724.8 SUPERIOR
1037278.8 1035748.8 SUPERIOR
1037018.0 1035775.3 SUPERIOR
1037417.8 1035800.3 SUPERIOR
1037436.3 1035827.2 SUPERIOR
1038522.0 1035854.1 SUPERIOR
1037912.4 1035886.5 SUPERIOR
1038649.8 1035915.6 SUPERIOR
1038251.5 1035948.4 SUPERIOR
1038777.9 1035978.9 SUPERIOR
1038482.2 1036012.0 SUPERIOR
1038623.0 1036043.5 SUPERIOR
1038769.6 1036075.5 SUPERIOR
1038941.0 1036108.1 SUPERIOR
1038844.0 1036141.4 SUPERIOR
1038321.7 1036174.1 SUPERIOR
1038741.5 1036203.9 SUPERIOR
1038061.6 1036235.7 SUPERIOR
1037558.8 1036263.9 SUPERIOR
1037267.0 1036289.4 SUPERIOR
1037914.4 1036313.2 SUPERIOR
1036731.8 1036340.2 SUPERIOR
1036314.4 1036361.1 INFERIOR
1036519.4 1036379.7 SUPERIOR
1036048.2 1036399.3 INFERIOR
1035922.4 1036416.4 INFERIOR
1035610.3 1036432.8 INFERIOR
1034778.3 1036447.5 INFERIOR
1034580.8 1036457.8 INFERIOR
1033771.5 1036467.2 INFERIOR
1033685.1 1036472.4 INFERIOR
1033560.5 1036477.1 INFERIOR
1033074.6 1036481.1 INFERIOR
1032984.7 1036482.7 INFERIOR
1031674.0 1036483.8 INFERIOR
1031625.3 1036478.3 INFERIOR
1031076.9 1036472.6 INFERIOR
1031377.2 1036464.1 INFERIOR
1030343.9 1036457.2 INFERIOR
1030478.0 1036445.1 INFERIOR
1029880.4 1036433.8 INFERIOR
1029671.7 1036419.4 INFERIOR
1029781.1 1036404.1 INFERIOR
1029886.7 1036389.4 INFERIOR
1029189.3 1036375.3 INFERIOR
1028974.0 1036357.8 INFERIOR
1028823.3 1036339.2 INFERIOR
1028955.3 1036320.0 INFERIOR
1029093.4 1036301.5 INFERIOR
1029307.0 1036283.8 INFERIOR
1028589.0 1036267.2 INFERIOR
1029491.1 1036247.1 INFERIOR
1029241.9 1036231.5 INFERIOR
1029421.4 1036214.7 INFERIOR
1030005.6 1036198.9 INFERIOR
1029418.9 1036186.0 INFERIOR
1030468.3 1036170.3 INFERIOR
1030175.1 1036159.8 INFERIOR
1030356.3 1036147.9 INFERIOR
1030778.6 1036136.9 INFERIOR
1031290.4 1036128.0 INFERIOR
1031823.6 1036121.6 INFERIOR
1031919.1 1036117.8 INFERIOR
1032575.7 1036114.5 INFERIOR
1033015.7 1036114.4 INFERIOR
1032949.8 1036116.4 INFERIOR
1033238.4 1036118.0 INFERIOR
1034323.2 1036121.0 INFERIOR
1034670.2 1036129.3 INFERIOR
1035118.0 1036139.2 INFERIOR
1035700.9 1036151.1 INFERIOR
1035617.3 1036165.9 INFERIOR
1035616.2 1036180.1 INFERIOR
1036749.4 1036194.3 SUPERIOR
1036381.1 1036213.8 SUPERIOR
1036695.2 1036231.5 SUPERIOR
1037157.1 1036250.6 SUPERIOR
1037498.8 1036271.8 SUPERIOR
1037981.0 1036294.5 SUPERIOR
1038166.8 1036319.5 SUPERIOR
1038197.2 1036345.2 SUPERIOR
1038448.8 1036370.9 SUPERIOR
1039107.8 1036397.7 SUPERIOR
1039354.1 1036427.5 SUPERIOR
1039489.4 1036458.3 SUPERIOR
1039468.6 1036489.7 SUPERIOR
1039138.6 1036520.8 SUPERIOR
1039605.3 1036550.2 SUPERIOR
1038945.5 1036581.7 SUPERIOR
1039151.3 1036609.9 SUPERIOR
1038605.2 1036639.0 SUPERIOR
1038901.5 1036665.3 SUPERIOR
1039067.7 1036693.0 SUPERIOR
1038288.8 1036721.3 SUPERIOR
1037932.2 1036745.8 SUPERIOR
1037738.0 1036768.6 SUPERIOR
1038014.7 1036790.3 SUPERIOR
1037732.0 1036813.3 SUPERIOR
1036833.6 1036834.8 INFERIOR
1036856.2 1036852.0 SUPERIOR
1036388.6 1036869.3 INFERIOR
1036236.7 1036884.3 INFERIOR
1035678.5 1036898.6 INFERIOR
1035375.7 1036910.2 INFERIOR
1034774.6 1036920.3 INFERIOR
1034347.6 1036927.6 INFERIOR
1033480.8 1036932.9 INFERIOR
1033323.2 1036934.2 INFERIOR
1033375.9 1036934.7 INFERIOR
1033047.8 1036935.5 INFERIOR
1032496.7 1036934.7 INFERIOR
1031743.9 1036931.4 INFERIOR
1031650.4 1036924.7 INFERIOR
1031734.3 1036917.5 INFERIOR
1031051.2 1036910.8 INFERIOR
1030409.3 1036900.9 INFERIOR
1030838.9 1036888.2 INFERIOR
1030417.9 1036877.4 INFERIOR
1030313.5 1036864.8 INFERIOR
1029491.1 1036851.8 INFERIOR
1030101.2 1036835.0 INFERIOR
1029301.1 1036821.1 INFERIOR
1029887.8 1036803.6 INFERIOR
1029035.2 1036788.8 INFERIOR
1029874.1 1036770.2 INFERIOR
1029255.0 1036755.4 INFERIOR
1029916.7 1036737.9 INFERIOR
1029733.4 1036723.5 INFERIOR
1029338.9 1036708.2 INFERIOR
1030148.4 1036691.3 INFERIOR
1030097.3 1036678.0 INFERIOR
1030169.9 1036664.6 INFERIOR
1030092.8 1036651.5 INFERIOR
1030465.2 1036638.1 INFERIOR
1031399.1 1036626.5 INFERIOR
1031183.3 1036619.0 INFERIOR
1032299.0 1036610.6 INFERIOR
1031791.9 1036607.2 INFERIOR
1032693.4 1036601.5 INFERIOR
1033295.3 1036599.9 INFERIOR
1033227.4 1036600.9 INFERIOR
1033522.8 1036601.6 INFERIOR
1034469.9 1036603.6 INFERIOR
1034327.2 1036609.8 INFERIOR
1034910.6 1036615.3 INFERIOR
1035183.2 1036623.4 INFERIOR
1035987.7 1036632.6 INFERIOR
1035981.2 1036645.3 INFERIOR
1036881.2 1036658.0 SUPERIOR
1036688.7 1036674.5 SUPERIOR
1037222.4 1036690.1 SUPERIOR
1038230.3 1036708.0 SUPERIOR
1037599.7 1036730.3 SUPERIOR
1038373.8 1036749.6 SUPERIOR
1038206.0 1036772.3 SUPERIOR
1038496.8 1036794.2 SUPERIOR
1039228.1 1036817.2 SUPERIOR
1038830.1 1036843.3 SUPERIOR
1039327.0 1036867.6 SUPERIOR
1039047.5 1036893.9 SUPERIOR
1039942.2 1036919.0 SUPERIOR
1039425.1 1036947.8 SUPERIOR
1039448.7 1036974.2 SUPERIOR
1039373.8 1037000.6 SUPERIOR
1039255.1 1037026.6 SUPERIOR
1039372.0 1037052.0 SUPERIOR
1039388.1 1037077.8 SUPERIOR
1039564.6 1037103.5 SUPERIOR
1038616.4 1037129.9 SUPERIOR
1039237.6 1037152.1 SUPERIOR
1038126.2 1037176.9 SUPERIOR
1038262.0 1037196.8 SUPERIOR
1037845.1 1037217.2 SUPERIOR
1038031.1 1037235.8 SUPERIOR
1036889.4 1037255.1 INFERIOR
1036466.8 1037269.4 INFERIOR
1036319.4 1037281.8 INFERIOR
1036364.8 1037293.5 INFERIOR
1035328.1 1037305.4 INFERIOR
1034943.2 1037312.9 INFERIOR
1035183.0 1037318.6 INFERIOR
1034188.2 1037325.4 INFERIOR
1034462.9 1037327.9 INFERIOR
1033415.2 1037331.5 INFERIOR
1033429.3 1037330.7 INFERIOR
1033354.7 1037329.9 INFERIOR
1032558.5 1037328.8 INFERIOR
1032648.4 1037324.4 INFERIOR
1031535.8 1037320.3 INFERIOR
1031030.2 1037311.6 INFERIOR
1031404.7 1037300.8 INFERIOR
1031364.2 1037291.5 INFERIOR
1030762.8 1037282.1 INFERIOR
1030778.2 1037270.3 INFERIOR
1030057.3 1037258.5 INFERIOR
1030410.0 1037243.7 INFERIOR
1029620.1 1037230.5 INFERIOR
1029633.8 1037214.0 INFERIOR
1029471.2 1037197.6 INFERIOR
1030141.9 1037180.6 INFERIOR
1029992.7 1037166.5 INFERIOR
1030359.0 1037151.7 INFERIOR
1030060.9 1037138.5 INFERIOR
1030460.3 1037124.2 INFERIOR
1030723.2 1037111.5 INFERIOR
1030761.7 1037100.0 INFERIOR
1030865.7 1037088.6 INFERIOR
1030981.6 1037077.7 INFERIOR
1030947.7 1037067.3 INFERIOR
1031225.0 1037056.8 INFERIOR
1032073.2 1037047.5 INFERIOR
1032558.4 1037041.7 INFERIOR
1032000.4 1037037.9 INFERIOR
1032359.9 1037031.9 INFERIOR
1033188.7 1037027.3 INFERIOR
1033874.6 1037026.1 INFERIOR
1034389.0 1037027.7 INFERIOR
1034808.4 1037031.4 INFERIOR
1034375.9 1037036.8 INFERIOR
1035467.2 1037040.5 INFERIOR
1035864.4 1037048.5 INFERIOR
1036039.8 1037058.1 INFERIOR
1036567.8 1037068.4 INFERIOR
1036989.2 1037080.8 INFERIOR
1037140.8 1037094.9 SUPERIOR
1037222.0 1037109.5 SUPERIOR
1037606.4 1037124.4 SUPERIOR
1038817.6 1037140.8 SUPERIOR
1039074.2 1037162.0 SUPERIOR
1039243.2 1037184.2 SUPERIOR
1039152.5 1037206.9 SUPERIOR
1038914.9 1037229.3 SUPERIOR
1039844.8 1037250.5 SUPERIOR
1039887.2 1037275.5 SUPERIOR
1039435.0 1037300.5 SUPERIOR
1040069.4 1037323.6 SUPERIOR
1039576.6 1037349.1 SUPERIOR
1040035.9 1037372.6 SUPERIOR
1040460.0 1037397.8 SUPERIOR
1040022.8 1037424.7 SUPERIOR
1039979.9 1037449.7 SUPERIOR
1039630.1 1037474.4 SUPERIOR
1040037.0 1037497.6 SUPERIOR
1039398.4 1037522.4 SUPERIOR
1039276.3 1037544.5 SUPERIOR
1039481.9 1037566.1 SUPERIOR
1038344.4 1037588.3 SUPERIOR
1038821.9 1037606.0 SUPERIOR
1037910.6 1037625.6 SUPERIOR
1037751.4 1037641.4 SUPERIOR
1037021.6 1037656.5 INFERIOR
1036617.8 1037668.7 INFERIOR
1037028.9 1037679.3 INFERIOR
1036336.7 1037691.4 INFERIOR
1035648.2 1037700.8 INFERIOR
1035839.0 1037707.4 INFERIOR
1035086.5 1037714.7 INFERIOR
1034596.7 1037719.0 INFERIOR
1034566.1 1037721.4 INFERIOR
1033907.4 1037723.7 INFERIOR
1033139.3 1037723.3 INFERIOR
1032915.5 1037720.0 INFERIOR
1032313.8 1037715.8 INFERIOR
1032038.0 1037709.2 INFERIOR
1032372.1 1037701.6 INFERIOR
1032211.0 1037695.3 INFERIOR
1031083.2 1037688.4 INFERIOR
1030734.6 1037677.1 INFERIOR
1031011.6 1037664.5 INFERIOR
1031157.9 1037653.0 INFERIOR
1030661.3 1037642.1 INFERIOR
1030328.7 1037629.3 INFERIOR
1030373.3 1037615.2 INFERIOR
1030575.0 1037601.4 INFERIOR
1030642.7 1037588.4 INFERIOR
1030199.6 1037575.6 INFERIOR
1030391.1 1037561.2 INFERIOR
1030400.6 1037547.6 INFERIOR
1029980.8 1037534.1 INFERIOR
1030464.0 1037519.0 INFERIOR
1030775.8 1037505.8 INFERIOR
1031300.7 1037493.8 INFERIOR
1031531.0 1037483.9 INFERIOR
1031650.9 1037474.9 INFERIOR
1031531.0 1037466.3 INFERIOR
1032368.7 1037457.3 INFERIOR
1031839.6 1037451.6 INFERIOR
1032334.2 1037443.8 INFERIOR
1032547.3 1037438.0 INFERIOR
1033660.6 1037433.0 INFERIOR
1033376.9 1037432.2 INFERIOR
1034013.9 1037430.3 INFERIOR
1034423.8 1037430.9 INFERIOR
1035100.5 1037433.0 INFERIOR
1034995.6 1037437.6 INFERIOR
1035891.8 1037441.9 INFERIOR
1035913.0 1037449.5 INFERIOR
1036603.7 1037457.1 INFERIOR
1036901.0 1037467.4 INFERIOR
1037866.0 1037478.7 SUPERIOR
1037752.0 1037493.6 SUPERIOR
1037864.9 1037508.0 SUPERIOR
1038844.2 1037522.8 SUPERIOR
1038871.7 1037541.3 SUPERIOR
1038960.7 1037559.7 SUPERIOR
1039334.0 1037578.4 SUPERIOR
1039682.4 1037598.5 SUPERIOR
1040278.7 1037619.8 SUPERIOR
1040412.0 1037643.2 SUPERIOR
1040277.2 1037667.1 SUPERIOR
1040633.8 1037690.4 SUPERIOR
1039896.1 1037714.9 SUPERIOR
1040388.7 1037736.6 SUPERIOR
1040537.7 1037760.0 SUPERIOR
1040316.8 1037784.0 SUPERIOR
1040476.2 1037807.0 SUPERIOR
1040528.1 1037830.5 SUPERIOR
1040055.4 1037854.1 SUPERIOR
1039431.0 1037875.9 SUPERIOR
1039738.5 1037895.3 SUPERIOR
1039660.6 1037915.8 SUPERIOR
1039270.2 1037935.9 SUPERIOR
1038676.8 1037954.5 SUPERIOR
1039081.5 1037970.9 SUPERIOR
1038488.3 1037988.6 SUPERIOR
1038062.6 1038004.2 SUPERIOR
1037497.4 1038018.1 INFERIOR
1036921.7 1038029.9 INFERIOR
1036489.0 1038039.5 INFERIOR
1036828.3 1038047.5 INFERIOR
1035793.6 1038056.7 INFERIOR
1035129.5 1038062.1 INFERIOR
1034919.8 1038065.0 INFERIOR
1034710.3 1038067.1 INFERIOR
1034659.2 1038068.5 INFERIOR
1033758.7 1038069.7 INFERIOR
1033660.2 1038067.5 INFERIOR
1033515.4 1038065.1 INFERIOR
1032925.0 1038062.0 INFERIOR
1032797.7 1038056.9 INFERIOR
1031967.3 1038051.3 INFERIOR
1032245.8 1038042.7 INFERIOR
1031788.2 1038035.1 INFERIOR
1031192.2 1038025.9 INFERIOR
1030902.0 1038014.5 INFERIOR
1030991.8 1038002.2 INFERIOR
1031277.6 1037990.2 INFERIOR
1030906.2 1037979.2 INFERIOR
1030218.8 1037967.0 INFERIOR
1030181.7 1037952.3 INFERIOR
1030395.7 1037937.5 INFERIOR
1030681.3 1037923.5 INFERIOR
1030355.1 1037910.6 INFERIOR
1030651.9 1037896.5 INFERIOR
1030775.9 1037883.5 INFERIOR
1030808.5 1037871.1 INFERIOR
1031220.8 1037858.7 INFERIOR
1031182.5 1037847.9 INFERIOR
1031756.0 1037837.0 INFERIOR
1031738.4 1037828.1 INFERIOR
1031900.1 1037819.3 INFERIOR
1032152.7 1037811.0 INFERIOR
1032604.7 1037803.6 INFERIOR
1033580.1 1037797.8 INFERIOR
1033534.4 1037795.6 INFERIOR
1033583.2 1037793.1 INFERIOR
1033963.6 1037790.9 INFERIOR
1034608.4 1037790.0 INFERIOR
1035707.9 1037791.4 INFERIOR
1035960.7 1037796.6 INFERIOR
1036029.6 1037802.8 INFERIOR
1036520.3 1037809.1 INFERIOR
1037094.9 1037817.2 INFERIOR
1037136.1 1037827.2 INFERIOR
1037427.0 1037837.4 INFERIOR
1037998.8 1037848.6 SUPERIOR
1038497.5 1037861.7 SUPERIOR
1038387.7 1037876.5 SUPERIOR
1038824.9 1037890.9 SUPERIOR
1039622.3 1037906.8 SUPERIOR
1039227.2 1037925.4 SUPERIOR
1039647.9 1037942.6 SUPERIOR
1040405.7 1037961.2 SUPERIOR
1040737.4 1037982.3 SUPERIOR
1040273.0 1038004.6 SUPERIOR
1041017.5 1038025.2 SUPERIOR
1040782.2 1038048.3 SUPERIOR
1040966.3 1038070.5 SUPERIOR
1040656.8 1038093.2 SUPERIOR
1040950.5 1038114.9 SUPERIOR
1040277.7 1038137.4 SUPERIOR
1040870.8 1038157.6 SUPERIOR
1040942.5 1038179.7 SUPERIOR
1040701.4 1038202.1 SUPERIOR
1040229.3 1038223.5 SUPERIOR
1039721.0 1038243.2 SUPERIOR
1039766.9 1038261.1 SUPERIOR
1039525.2 1038279.1 SUPERIOR
1038782.8 1038296.2 SUPERIOR
1038337.8 1038310.6 SUPERIOR
1038520.9 1038323.5 SUPERIOR
1038540.6 1038337.0 SUPERIOR
1037553.2 1038350.5 INFERIOR
1037522.3 1038360.6 INFERIOR
1036774.3 1038370.5 INFERIOR
1036375.7 1038377.8 INFERIOR
1036513.4 1038383.7 INFERIOR
1035427.5 1038390.1 INFERIOR
1035649.1 1038392.8 INFERIOR
1034529.7 1038396.1 INFERIOR
1034884.2 1038395.7 INFERIOR
1033823.2 1038396.4 INFERIOR
1033683.9 1038393.5 INFERIOR
1033631.8 1038390.2 INFERIOR
1032959.7 1038386.7 INFERIOR
1032890.4 1038380.9 INFERIOR
1031997.8 1038374.8 INFERIOR
1032461.6 1038365.8 INFERIOR
1031919.1 1038358.3 INFERIOR
1031456.7 1038349.1 INFERIOR
1031095.9 1038338.2 INFERIOR
1030735.8 1038326.2 INFERIOR
1030783.9 1038313.0 INFERIOR
1031413.4 1038300.0 INFERIOR
1030633.0 1038289.2 INFERIOR
1030911.1 1038275.7 INFERIOR
1031197.3 1038263.2 INFERIOR
1030633.8 1038251.8 INFERIOR
1031281.3 1038238.4 INFERIOR
1031341.4 1038227.3 INFERIOR
1031608.0 1038216.4 INFERIOR
1031672.7 1038206.4 INFERIOR
1031239.8 1038196.6 INFERIOR
1031978.9 1038185.4 INFERIOR
1032506.6 1038176.8 INFERIOR
1032892.6 1038169.9 INFERIOR
1032501.4 1038164.3 INFERIOR
1033457.6 1038157.4 INFERIOR
1033365.8 1038153.7 INFERIOR
1033803.7 1038149.8 INFERIOR
1034289.3 1038147.3 INFERIOR
1034114.8 1038146.4 INFERIOR
1034525.2 1038144.9 INFERIOR
1034927.6 1038144.8 INFERIOR
1036047.2 1038146.0 INFERIOR
1036412.5 1038150.9 INFERIOR
1036169.5 1038157.0 INFERIOR
1036806.8 1038162.3 INFERIOR
1037829.5 1038169.7 INFERIOR
1038170.2 1038180.4 INFERIOR
1038365.3 1038192.3 SUPERIOR
1038258.9 1038204.7 SUPERIOR
1038643.9 1038216.7 SUPERIOR
1039337.6 1038230.0 SUPERIOR
1039651.1 1038245.5 SUPERIOR
1040024.3 1038262.0 SUPERIOR
1039986.0 1038279.7 SUPERIOR
1040211.0 1038297.1 SUPERIOR
1040800.8 1038315.3 SUPERIOR
1041118.4 1038335.3 SUPERIOR
1041030.8 1038356.4 SUPERIOR
1041084.8 1038377.0 SUPERIOR
1040731.3 1038397.8 SUPERIOR
1041081.0 1038417.4 SUPERIOR
1041477.9 1038438.0 SUPERIOR
1041353.0 1038459.9 SUPERIOR
1041073.7 1038481.3 SUPERIOR
1040526.4 1038501.7 SUPERIOR
1040322.8 1038520.3 SUPERIOR
1040788.0 1038538.1 SUPERIOR
1040556.1 1038557.4 SUPERIOR
1040113.2 1038575.9 SUPERIOR
1040190.1 1038592.9 SUPERIOR
1039645.5 1038610.1 SUPERIOR
1039442.1 1038625.5 SUPERIOR
1038839.3 1038640.2 SUPERIOR
1038904.0 1038652.9 SUPERIOR
1038511.7 1038665.7 INFERIOR
1038045.0 1038677.3 INFERIOR
1037411.6 1038687.3 INFERIOR
1036570.2 1038695.2 INFERIOR
1036514.5 1038700.4 INFERIOR
1035831.5 1038705.4 INFERIOR
1035510.6 1038708.2 INFERIOR
1035162.8 1038709.9 INFERIOR
1035301.1 1038710.5 INFERIOR
1034056.0 1038711.5 INFERIOR
1033889.6 1038708.6 INFERIOR
1033946.6 1038705.1 INFERIOR
1033715.0 1038701.8 INFERIOR
1033155.5 1038697.8 INFERIOR
1032732.6 1038692.0 INFERIOR
1032806.8 1038684.8 INFERIOR
1031856.2 1038677.9 INFERIOR
1031726.0 1038668.0 INFERIOR
1031312.9 1038657.7 INFERIOR
1031986.6 1038646.1 INFERIOR
1031696.5 1038636.6 INFERIOR
1030920.2 1038626.3 INFERIOR
1030879.3 1038613.5 INFERIOR
1031241.4 1038600.7 INFERIOR
1030870.3 1038589.0 INFERIOR
1031000.9 1038576.2 INFERIOR
1030931.7 1038563.8 INFERIOR
1031662.1 1038551.2 INFERIOR
1031757.6 1038540.9 INFERIOR
1031384.1 1038531.0 INFERIOR
1031608.9 1038519.9 INFERIOR
1032303.7 1038509.6 INFERIOR
1032514.1 1038501.5 INFERIOR
1032640.5 1038494.0 INFERIOR
1032729.7 1038487.0 INFERIOR
1033239.7 1038480.2 INFERIOR
1033696.4 1038475.1 INFERIOR
1034180.1 1038471.4 INFERIOR
1034624.3 1038469.3 INFERIOR
1034363.0 1038468.5 INFERIOR
1035446.2 1038466.9 INFERIOR
1035742.4 1038468.7 INFERIOR
1035830.1 1038471.4 INFERIOR
1036384.0 1038474.4 INFERIOR
1036504.4 1038479.1 INFERIOR
1036907.5 1038484.2 INFERIOR
1037464.6 1038490.5 INFERIOR
1037631.6 1038498.5 INFERIOR
1038161.7 1038507.0 INFERIOR
1039171.8 1038517.1 SUPERIOR
1039136.3 1038530.3 SUPERIOR
1039410.1 1038543.4 SUPERIOR
1039699.9 1038557.3 SUPERIOR
1040228.2 1038572.0 SUPERIOR
1040504.1 1038588.3 SUPERIOR
1040442.3 1038605.5 SUPERIOR
1040298.3 1038622.3 SUPERIOR
1041043.3 1038638.7 SUPERIOR
1040984.6 1038657.4 SUPERIOR
1041405.2 1038675.8 SUPERIOR
1041642.1 1038695.5 SUPERIOR
1041076.5 1038715.8 SUPERIOR
1041169.9 1038734.3 SUPERIOR
1041559.7 1038753.1 SUPERIOR
1041367.5 1038773.0 SUPERIOR
1040984.9 1038792.2 SUPERIOR
1041117.8 1038810.3 SUPERIOR
1041215.0 1038828.6 SUPERIOR
1041061.6 1038847.3 SUPERIOR
1040647.8 1038865.4 SUPERIOR
1040130.4 1038882.1 SUPERIOR
1039972.8 1038897.3 SUPERIOR
1039952.5 1038911.9 SUPERIOR
1039768.5 1038926.4 SUPERIOR
1039260.3 1038940.4 SUPERIOR
1039062.8 1038952.7 SUPERIOR
1037849.2 1038964.4 INFERIOR
1037808.1 1038972.3 INFERIOR
1037626.1 1038980.1 INFERIOR
1037099.4 1038987.4 INFERIOR
1036928.4 1038993.0 INFERIOR
1035926.5 1038998.1 INFERIOR
1035580.9 1039000.1 INFERIOR
1035886.3 1039001.0 INFERIOR
1034931.5 1039002.9 INFERIOR
1034336.2 1039001.9 INFERIOR
1034434.8 1038999.1 INFERIOR
1033644.2 1038996.6 INFERIOR
1033045.2 1038991.7 INFERIOR
1032978.9 1038985.0 INFERIOR
1032763.2 1038978.1 INFERIOR
1032868.0 1038970.6 INFERIOR
1032405.9 1038963.4 INFERIOR
1032583.9 1038954.8 INFERIOR
1031612.6 1038946.8 INFERIOR
1032051.5 1038935.9 INFERIOR
1031769.0 1038926.4 INFERIOR
1031774.9 1038916.0 INFERIOR
1031210.3 1038905.6 INFERIOR
1031129.1 1038893.6 INFERIOR
1031483.4 1038881.4 INFERIOR
1031470.6 1038870.2 INFERIOR
1031509.2 1038859.1 INFERIOR
1031751.1 1038848.1 INFERIOR
1031410.0 1038837.8 INFERIOR
1031826.5 1038826.5 INFERIOR
1032653.7 1038816.5 INFERIOR
1032653.7 1038809.0 INFERIOR
1033065.6 1038801.5 INFERIOR
1033520.8 1038795.3 INFERIOR
1033535.9 1038790.4 INFERIOR
1034009.7 1038785.5 INFERIOR
1034329.5 1038782.1 INFERIOR
1034088.8 1038779.6 INFERIOR
1035301.4 1038776.4 INFERIOR
1035638.6 1038776.8 INFERIOR
1035896.6 1038778.2 INFERIOR
1036293.9 1038780.3 INFERIOR
1036271.5 1038783.6 INFERIOR
1036964.5 1038786.9 INFERIOR
1037526.6 1038792.1 INFERIOR
1038039.0 1038799.0 INFERIOR
1037897.3 1038807.4 INFERIOR
1038698.4 1038815.3 INFERIOR
1038950.5 1038825.6 SUPERIOR
1039038.7 1038836.6 SUPERIOR
1039285.0 1038847.8 SUPERIOR
1040191.9 1038859.7 SUPERIOR
1040276.0 1038874.2 SUPERIOR
1040568.7 1038888.9 SUPERIOR
1040521.8 1038904.4 SUPERIOR
1041126.7 1038919.8 SUPERIOR
1041502.0 1038936.8 SUPERIOR
1041481.0 1038955.0 SUPERIOR
1041098.5 1038973.0 SUPERIOR
1041262.8 1038989.8 SUPERIOR
1041917.9 1039007.1 SUPERIOR
1041380.6 1039026.2 SUPERIOR
1041724.1 1039043.7 SUPERIOR
1041131.5 1039062.2 SUPERIOR
1041398.0 1039078.9 SUPERIOR
1040974.1 1039096.3 SUPERIOR
1040834.5 1039112.5 SUPERIOR
1040820.0 1039128.2 SUPERIOR
1041036.3 1039143.8 SUPERIOR
1040903.3 1039160.0 SUPERIOR
1040184.1 1039175.8 SUPERIOR
1040372.3 1039189.4 SUPERIOR
1039865.6 1039203.6 SUPERIOR
1039096.8 1039216.2 INFERIOR
1039240.8 1039226.6 SUPERIOR
1038611.8 1039237.4 INFERIOR
1038194.0 1039246.3 INFERIOR
1037446.6 1039254.0 INFERIOR
1037538.5 1039259.6 INFERIOR
1037492.6 1039265.4 INFERIOR
1036888.6 1039271.0 INFERIOR
1036399.9 1039274.9 INFERIOR
1035720.4 1039277.4 INFERIOR
1035347.2 1039277.9 INFERIOR
1035374.9 1039277.4 INFERIOR
1034666.9 1039276.9 INFERIOR
1034627.8 1039274.4 INFERIOR
1034205.9 1039271.8 INFERIOR
1033846.8 1039268.0 INFERIOR
1033002.3 1039263.1 INFERIOR
1033097.5 1039255.9 INFERIOR
1032709.0 1039249.0 INFERIOR
1032644.7 1039240.9 INFERIOR
1032044.5 1039232.7 INFERIOR
1031912.3 1039222.8 INFERIOR
1031957.3 1039212.6 INFERIOR
1031793.3 1039202.5 INFERIOR
1031395.5 1039192.0 INFERIOR
1031400.0 1039180.3 INFERIOR
1032131.6 1039168.7 INFERIOR
1031339.8 1039159.2 INFERIOR
1032280.3 1039147.5 INFERIOR
1031952.3 1039138.4 INFERIOR
1032090.5 1039128.5 INFERIOR
1031977.3 1039118.9 INFERIOR
1032100.3 1039109.1 INFERIOR
1032341.9 1039099.6 INFERIOR
1032972.0 1039090.8 INFERIOR
1033295.6 1039083.8 INFERIOR
1033167.2 1039077.8 INFERIOR
1033934.3 1039071.4 INFERIOR
1034506.6 1039067.1 INFERIOR
1034421.7 1039064.5 INFERIOR
1034638.1 1039061.6 INFERIOR
1035631.2 1039059.4 INFERIOR
1036114.4 1039059.9 INFERIOR
1035796.1 1039061.8 INFERIOR
1036252.1 1039062.7 INFERIOR
1037038.2 1039065.0 INFERIOR
1037475.0 1039069.4 INFERIOR
1037663.1 1039075.0 INFERIOR
1038757.9 1039081.2 INFERIOR
1038964.5 1039090.3 INFERIOR
1039415.8 1039100.1 SUPERIOR
1039544.2 1039111.0 SUPERIOR
1040154.4 1039122.3 SUPERIOR
1040275.6 1039135.2 SUPERIOR
1040028.7 1039148.4 SUPERIOR
1040758.3 1039161.0 SUPERIOR
1040738.0 1039175.5 SUPERIOR
1041638.8 1039189.9 SUPERIOR
1041462.3 1039206.7 SUPERIOR
1041586.8 1039223.1 SUPERIOR
1041789.0 1039239.7 SUPERIOR
1041354.3 1039256.9 SUPERIOR
1041672.2 1039272.8 SUPERIOR
1041397.5 1039289.5 SUPERIOR
1042078.3 1039305.4 SUPERIOR
1041388.2 1039323.2 SUPERIOR
1042166.4 1039339.0 SUPERIOR
1041562.0 1039357.0 SUPERIOR
1041315.9 1039373.2 SUPERIOR
1041205.1 1039388.7 SUPERIOR
1041686.5 1039403.8 SUPERIOR
1040467.0 1039420.3 SUPERIOR
1041066.1 1039433.3 SUPERIOR
1040793.1 1039448.0 SUPERIOR
1040590.1 1039461.8 SUPERIOR
1039568.7 1039475.1 SUPERIOR
1039839.9 1039485.6 SUPERIOR
1039161.0 1039496.7 INFERIOR
1038262.8 1039506.0 INFERIOR
1037900.7 1039512.8 INFERIOR
1037983.8 1039518.6 INFERIOR
1037951.7 1039524.6 INFERIOR
1036727.7 1039530.5 INFERIOR
1036363.5 1039533.0 INFERIOR
1036055.7 1039534.6 INFERIOR
1036289.2 1039535.3 INFERIOR
1035722.5 1039536.6 INFERIOR
1034699.8 1039536.4 INFERIOR
1034303.6 1039533.4 INFERIOR
1034633.4 1039529.4 INFERIOR
1034214.7 1039526.2 INFERIOR
1033737.5 1039521.9 INFERIOR
1033851.9 1039516.4 INFERIOR
1033297.7 1039511.1 INFERIOR
1033129.1 1039504.4 INFERIOR
1032674.0 1039497.2 INFERIOR
1032266.8 1039488.8 INFERIOR
1031971.9 1039479.3 INFERIOR
1032028.7 1039469.1 INFERIOR
1032237.6 1039459.0 INFERIOR
1031880.4 1039449.5 INFERIOR
1032153.4 1039439.1 INFERIOR
1031868.0 1039429.4 INFERIOR
1031841.4 1039419.0 INFERIOR
1032345.1 1039408.5 INFERIOR
1031810.5 1039399.4 INFERIOR
1032719.4 1039388.9 INFERIOR
1032882.4 1039380.8 INFERIOR
1032498.4 1039373.2 INFERIOR
1033386.3 1039364.6 INFERIOR
1033381.3 1039358.3 INFERIOR
1033336.1 1039352.1 INFERIOR
1033933.0 1039345.7 INFERIOR
1034825.5 1039341.0 INFERIOR
1034589.2 1039338.6 INFERIOR
1034780.7 1039335.6 INFERIOR
1035001.4 1039333.2 INFERIOR
1036083.3 1039331.3 INFERIOR
1036161.7 1039332.3 INFERIOR
1036375.5 1039333.5 INFERIOR
1037107.8 1039335.2 INFERIOR
1037346.9 1039338.9 INFERIOR
1037543.1 1039343.2 INFERIOR
1038497.3 1039348.1 INFERIOR
1038491.2 1039355.4 INFERIOR
1038765.8 1039362.7 INFERIOR
1039522.1 1039370.7 SUPERIOR
1039565.4 1039380.7 SUPERIOR
1039884.2 1039390.7 SUPERIOR
1040316.4 1039401.6 SUPERIOR
1040526.4 1039413.6 SUPERIOR
1040615.1 1039426.1 SUPERIOR
1040971.3 1039438.9 SUPERIOR
1041376.6 1039452.5 SUPERIOR
1041399.4 1039467.1 SUPERIOR
1042250.7 1039481.8 SUPERIOR
1042055.6 1039498.7 SUPERIOR
1042207.1 1039515.0 SUPERIOR
1042350.6 1039531.7 SUPERIOR
1041940.5 1039548.7 SUPERIOR
1041700.9 1039564.6 SUPERIOR
1042017.9 1039579.8 SUPERIOR
1042233.1 1039595.8 SUPERIOR
1041815.5 1039612.4 SUPERIOR
1041701.0 1039627.8 SUPERIOR
1041416.2 1039642.9 SUPERIOR
1040816.0 1039657.2 SUPERIOR
1041461.3 1039669.9 SUPERIOR
1040735.5 1039684.2 SUPERIOR
1040531.2 1039696.6 SUPERIOR
1039934.8 1039708.5 SUPERIOR
1040099.4 1039718.8 SUPERIOR
1039056.9 1039729.4 INFERIOR
1039323.5 1039737.4 INFERIOR
1038584.1 1039746.0 INFERIOR
1038586.4 1039752.6 INFERIOR
1038060.7 1039759.3 INFERIOR
1037115.4 1039764.6 INFERIOR
1037450.9 1039767.4 INFERIOR
1036881.4 1039771.1 INFERIOR
1036533.6 1039773.3 INFERIOR
1036346.5 1039774.5 INFERIOR
1035099.9 1039775.3 INFERIOR
1034908.9 1039772.9 INFERIOR
1034439.8 1039770.0 INFERIOR
1034464.1 1039765.9 INFERIOR
1034197.3 1039761.8 INFERIOR
1033774.7 1039757.1 INFERIOR
1033254.9 1039751.2 INFERIOR
1033227.8 1039744.1 INFERIOR
1032642.0 1039736.9 INFERIOR
1033252.5 1039728.2 INFERIOR
1032554.2 1039721.1 INFERIOR
1032843.8 1039712.2 INFERIOR
1032867.3 1039704.1 INFERIOR
1032378.7 1039696.0 INFERIOR
1032152.9 1039686.8 INFERIOR
1031884.8 1039676.9 INFERIOR
1032660.0 1039666.4 INFERIOR
1032370.7 1039657.9 INFERIOR
1032177.3 1039648.7 INFERIOR
1032634.5 1039638.9 INFERIOR
1032465.7 1039630.4 INFERIOR
1032919.8 1039621.5 INFERIOR
1033093.9 1039613.7 INFERIOR
1033722.9 1039606.4 INFERIOR
1034273.4 1039600.7 INFERIOR
1033660.1 1039596.4 INFERIOR
1034646.5 1039590.6 INFERIOR
1034369.4 1039587.3 INFERIOR
1035538.1 1039583.2 INFERIOR
1035631.2 1039582.2 INFERIOR
1036113.5 1039581.4 INFERIOR
1036638.5 1039581.8 INFERIOR
1036983.8 1039583.5 INFERIOR
1036872.9 1039586.1 INFERIOR
1037248.3 1039588.4 INFERIOR
1038060.1 1039591.6 INFERIOR
1038508.3 1039596.9 INFERIOR
1039311.6 1039603.3 INFERIOR
1039604.8 1039611.7 INFERIOR
1039380.8 1039620.8 INFERIOR
1040480.0 1039629.4 SUPERIOR
1040140.1 1039640.6 SUPERIOR
1041007.4 1039651.0 SUPERIOR
1041094.2 1039663.6 SUPERIOR
1040811.8 1039676.3 SUPERIOR
1041253.8 1039688.3 SUPERIOR
1041310.2 1039701.4 SUPERIOR
1042303.0 1039714.6 SUPERIOR
1042563.6 1039730.2 SUPERIOR
1042336.1 1039746.5 SUPERIOR
1042738.5 1039762.1 SUPERIOR
1042806.1 1039778.8 SUPERIOR
1041961.5 1039795.5 SUPERIOR
1042250.6 1039810.1 SUPERIOR
1042256.1 1039825.4 SUPERIOR
1042436.2 1039840.7 SUPERIOR
1042560.1 1039856.3 SUPERIOR
1042036.4 1039872.3 SUPERIOR
1041852.5 1039886.9 SUPERIOR
1041452.6 1039901.0 SUPERIOR
1041835.8 1039914.1 SUPERIOR
1041062.2 1039928.1 SUPERIOR
1041277.6 1039940.1 SUPERIOR
1041004.8 1039952.7 SUPERIOR
1040253.0 1039964.6 SUPERIOR
1039637.6 1039974.5 INFERIOR
1039310.4 1039982.9 INFERIOR
1039552.7 1039990.5 INFERIOR
1038637.3 1039998.7 INFERIOR
1038401.9 1040004.6 INFERIOR
1037719.1 1040009.8 INFERIOR
1037309.5 1040013.4 INFERIOR
1036916.1 1040016.0 INFERIOR
1036939.4 1040017.6 INFERIOR
1036748.9 1040019.2 INFERIOR
1035370.3 1040020.3 INFERIOR
1035465.3 1040018.1 INFERIOR
1035212.7 1040016.1 INFERIOR
1034986.7 1040013.5 INFERIOR
1034780.2 1040010.3 INFERIOR
1033854.9 1040006.6 INFERIOR
1033773.4 1040000.7 INFERIOR
1033986.8 1039994.5 INFERIOR
1033211.0 1039988.9 INFERIOR
1032604.2 1039981.4 INFERIOR
1032607.3 1039972.5 INFERIOR
1032977.0 1039963.5 INFERIOR
1032355.5 1039955.5 INFERIOR
1033050.9 1039946.0 INFERIOR
1032934.1 1039938.2 INFERIOR
1032741.5 1039930.1 INFERIOR
1032525.5 1039921.5 INFERIOR
1032222.4 1039912.5 INFERIOR
1032662.3 1039902.7 INFERIOR
1033023.4 1039894.0 INFERIOR
1032851.3 1039886.2 INFERIOR
1033440.4 1039878.1 INFERIOR
1033149.5 1039871.3 INFERIOR
1033779.7 1039863.9 INFERIOR
1033436.5 1039858.0 INFERIOR
1034083.4 1039851.2 INFERIOR
1034103.4 1039846.1 INFERIOR
1034428.6 1039841.0 INFERIOR
1035647.5 1039836.7 INFERIOR
1035845.7 1039835.4 INFERIOR
1036409.8 1039834.5 INFERIOR
1036154.6 1039835.1 INFERIOR
1036734.5 1039834.9 INFERIOR
1037048.1 1039836.2 INFERIOR
1038105.6 1039838.3 INFERIOR
1038511.4 1039842.9 INFERIOR
1038928.4 1039848.4 INFERIOR
1038588.8 1039854.9 INFERIOR
1039400.6 1039860.6 INFERIOR
1040191.3 1039868.3 SUPERIOR
1039786.8 1039877.8 INFERIOR
1040329.8 1039886.3 SUPERIOR
1041135.0 1039896.1 SUPERIOR
1040927.2 1039907.9 SUPERIOR
1040927.8 1039919.1 SUPERIOR
1041303.5 1039930.2 SUPERIOR
1041579.1 1039942.3 SUPERIOR
1041606.5 1039954.9 SUPERIOR
1042621.6 1039967.7 SUPERIOR
1042161.7 1039982.8 SUPERIOR
1042102.8 1039996.7 SUPERIOR
1042323.6 1040010.5 SUPERIOR
1043049.9 1040024.8 SUPERIOR
1042921.0 1040040.8 SUPERIOR
1042951.0 1040056.5 SUPERIOR
1042382.9 1040072.2 SUPERIOR
1042573.5 1040086.5 SUPERIOR
1042018.4 1040101.2 SUPERIOR
1041655.5 1040114.6 SUPERIOR
1041721.7 1040127.1 SUPERIOR
1041782.0 1040139.7 SUPERIOR
1041309.0 1040152.4 SUPERIOR
1041080.9 1040164.0 SUPERIOR
1040833.8 1040175.0 SUPERIOR
1040789.2 1040185.4 SUPERIOR
1040106.9 1040195.6 INFERIOR
1040149.8 1040204.3 INFERIOR
1039468.5 1040213.0 INFERIOR
1038880.3 1040220.0 INFERIOR
1038350.6 1040225.7 INFERIOR
1038719.1 1040230.1 INFERIOR
1038267.6 1040235.4 INFERIOR
1037043.5 1040239.6 INFERIOR
1037281.9 1040240.8 INFERIOR
1036675.7 1040242.7 INFERIOR
1036339.9 1040243.1 INFERIOR
1036248.4 1040242.7 INFERIOR
1035465.3 1040242.1 INFERIOR
1035435.9 1040239.7 INFERIOR
1034276.4 1040237.1 INFERIOR
1034243.1 1040231.9 INFERIOR
1034014.7 1040226.6 INFERIOR
1034214.1 1040220.8 INFERIOR
1033532.3 1040215.4 INFERIOR
1033247.5 1040208.5 INFERIOR
1033243.4 1040200.9 INFERIOR
1032614.3 1040193.3 INFERIOR
1032954.2 1040184.3 INFERIOR
1033158.1 1040176.0 INFERIOR
1032352.5 1040168.3 INFERIOR
1032833.2 1040158.7 INFERIOR
1032738.1 1040150.2 INFERIOR
1032862.0 1040141.5 INFERIOR
1033349.5 1040133.1 INFERIOR
1033476.0 1040125.9 INFERIOR
1032734.8 1040119.0 INFERIOR
1033545.6 1040110.3 INFERIOR
1033612.2 1040103.6 INFERIOR
1033360.2 1040097.0 INFERIOR
1034168.0 1040089.9 INFERIOR
1034789.8 1040084.6 INFERIOR
1034219.3 1040080.8 INFERIOR
1034993.6 1040075.7 INFERIOR
1035573.2 1040072.4 INFERIOR
1036133.3 1040070.4 INFERIOR
1036306.1 1040069.7 INFERIOR
1036752.5 1040069.4 INFERIOR
1037047.1 1040070.2 INFERIOR
1036813.5 1040071.6 INFERIOR
1037938.1 1040072.5 INFERIOR
1037997.4 1040076.0 INFERIOR
1038748.3 1040079.6 INFERIOR
1039208.1 1040084.9 INFERIOR
1039827.9 1040091.2 INFERIOR
1040184.2 1040099.0 SUPERIOR
1039973.3 1040107.6 INFERIOR
1040427.3 1040115.7 SUPERIOR
1041339.4 1040124.8 SUPERIOR
1041535.5 1040135.9 SUPERIOR
1041878.5 1040147.5 SUPERIOR
1041476.1 1040159.9 SUPERIOR
1041811.4 1040171.3 SUPERIOR
1041812.5 1040183.4 SUPERIOR
1042181.3 1040195.6 SUPERIOR
1042186.6 1040208.5 SUPERIOR
1042393.7 1040221.4 SUPERIOR
1042787.8 1040234.8 SUPERIOR
1042368.4 1040249.1 SUPERIOR
1042868.6 1040262.3 SUPERIOR
1043169.0 1040276.7 SUPERIOR
1043067.4 1040291.7 SUPERIOR
1042673.6 1040306.5 SUPERIOR
1042212.2 1040320.3 SUPERIOR
1042583.4 1040333.0 SUPERIOR
1042151.9 1040346.6 SUPERIOR
1041631.8 1040359.2 SUPERIOR
1041438.0 1040370.5 SUPERIOR
1041389.9 1040381.4 SUPERIOR
1041207.1 1040392.1 SUPERIOR
1040764.0 1040402.4 SUPERIOR
1040842.8 1040411.7 SUPERIOR
1040657.5 1040421.1 SUPERIOR
1039897.4 1040430.1 INFERIOR
1039229.6 1040437.4 INFERIOR
1038743.4 1040443.1 INFERIOR
1038390.2 1040447.7 INFERIOR
1038675.0 1040451.6 INFERIOR
1037686.5 1040456.0 INFERIOR
1037914.0 1040458.2 INFERIOR
1036782.0 1040460.9 INFERIOR
1036654.4 1040461.0 INFERIOR
1035889.2 1040460.9 INFERIOR
1035826.1 1040459.0 INFERIOR
1035012.2 1040457.0 INFERIOR
1034778.3 1040453.2 INFERIOR
1034692.0 1040448.8 INFERIOR
1034461.8 1040444.2 INFERIOR
1034359.7 1040439.2 INFERIOR
1033781.4 1040433.9 INFERIOR
1033505.8 1040427.3 INFERIOR
1033596.1 1040420.1 INFERIOR
1033221.2 1040413.2 INFERIOR
1032782.6 1040405.4 INFERIOR
1033477.3 1040396.6 INFERIOR
1032869.8 1040389.4 INFERIOR
1032979.8 1040380.9 INFERIOR
1033408.2 1040372.6 INFERIOR
1032738.1 1040365.3 INFERIOR
1032959.7 1040356.5 INFERIOR
1033330.9 1040348.2 INFERIOR
1032999.4 1040340.8 INFERIOR
1033202.6 1040332.6 INFERIOR
1033717.4 1040324.9 INFERIOR
1033826.4 1040318.4 INFERIOR
1033906.6 1040312.1 INFERIOR
1034456.9 1040306.0 INFERIOR
1034554.0 1040301.1 INFERIOR
1034605.0 1040296.5 INFERIOR
1034977.7 1040291.9 INFERIOR
1035707.4 1040288.2 INFERIOR
1036437.7 1040286.2 INFERIOR
1036285.9 1040285.7 INFERIOR
1036798.9 1040284.9 INFERIOR
1037351.5 1040285.3 INFERIOR
1037939.8 1040286.8 INFERIOR
1038256.7 1040289.7 INFERIOR
1038754.7 1040293.2 INFERIOR
1039196.4 1040297.9 INFERIOR
1039471.5 1040303.5 INFERIOR
1039946.2 1040309.7 INFERIOR
1040355.3 1040316.9 SUPERIOR
1040903.7 1040325.1 SUPERIOR
1041309.2 1040334.4 SUPERIOR
1041345.4 1040344.5 SUPERIOR
1041762.9 1040354.8 SUPERIOR
1042077.5 1040365.9 SUPERIOR
1041868.6 1040377.7 SUPERIOR
1041969.1 1040389.1 SUPERIOR
1042048.6 1040400.6 SUPERIOR
1042322.7 1040412.2 SUPERIOR
1042624.6 1040424.5 SUPERIOR
1042572.0 1040437.4 SUPERIOR
1042936.6 1040450.1 SUPERIOR
1042886.4 1040463.6 SUPERIOR
1042557.1 1040477.0 SUPERIOR
1043020.2 1040489.6 SUPERIOR
1042883.5 1040503.2 SUPERIOR
1042832.9 1040516.5 SUPERIOR
1042657.2 1040529.6 SUPERIOR
1042596.3 1040542.4 SUPERIOR
1042710.2 1040555.0 SUPERIOR
1041912.1 1040567.8 SUPERIOR
1042208.7 1040578.8 SUPERIOR
1041420.3 1040590.4 SUPERIOR
1041210.6 1040600.4 SUPERIOR
1040625.5 1040609.8 SUPERIOR
1040976.0 1040617.9 SUPERIOR
1040288.1 1040626.8 INFERIOR
1039730.1 1040634.2 INFERIOR
1039856.8 1040640.3 INFERIOR
1038628.9 1040646.8 INFERIOR
1038385.0 1040650.5 INFERIOR
1037976.9 1040653.7 INFERIOR
1037586.7 1040656.0 INFERIOR
1036952.8 1040657.4 INFERIOR
1036620.2 1040657.5 INFERIOR
1036723.0 1040656.9 INFERIOR
1036383.6 1040656.4 INFERIOR
1035446.3 1040655.3 INFERIOR
1035431.8 1040652.1 INFERIOR
1034943.5 1040648.9 INFERIOR
1035298.4 1040644.6 INFERIOR
1034663.5 1040641.1 INFERIOR
1033743.2 1040636.3 INFERIOR
1033697.9 1040629.5 INFERIOR
1033959.9 1040622.6 INFERIOR
1033630.6 1040616.2 INFERIOR
1033901.8 1040609.2 INFERIOR
1033314.9 1040602.7 INFERIOR
1033691.9 1040595.0 INFERIOR
1033540.9 1040588.2 INFERIOR
1033163.7 1040581.0 INFERIOR
1033221.7 1040573.0 INFERIOR
1033161.7 1040565.2 INFERIOR
1033631.5 1040557.2 INFERIOR
1033373.1 1040550.3 INFERIOR
1033582.4 1040542.8 INFERIOR
1033516.7 1040535.8 INFERIOR
1033770.3 1040528.6 INFERIOR
1034145.3 1040522.0 INFERIOR
1034665.2 1040516.2 INFERIOR
1035097.8 1040511.5 INFERIOR
1035260.2 1040507.8 INFERIOR
1035465.9 1040504.4 INFERIOR
1035517.2 1040501.5 INFERIOR
1036474.1 1040498.6 INFERIOR
1036851.1 1040497.8 INFERIOR
1036848.0 1040497.8 INFERIOR
1037471.4 1040497.8 INFERIOR
1038011.0 1040499.1 INFERIOR
1038356.8 1040501.6 INFERIOR
1038384.4 1040504.8 INFERIOR
1039340.9 1040508.0 INFERIOR
1039261.3 1040513.3 INFERIOR
1039810.0 1040518.3 INFERIOR
1040165.4 1040524.6 INFERIOR
1040829.0 1040531.5 SUPERIOR
1041481.3 1040539.9 SUPERIOR
1040964.9 1040549.6 SUPERIOR
1041673.0 1040558.2 SUPERIOR
1042298.1 1040568.3 SUPERIOR
1041825.5 1040579.7 SUPERIOR
1042071.3 1040590.0 SUPERIOR
1042651.9 1040600.9 SUPERIOR
1043037.5 1040612.9 SUPERIOR
1042771.4 1040625.8 SUPERIOR
1042915.2 1040638.0 SUPERIOR
1042954.8 1040650.6 SUPERIOR
1043389.4 1040663.2 SUPERIOR
1043029.0 1040676.6 SUPERIOR
1043191.5 1040689.3 SUPERIOR
1042902.9 1040702.4 SUPERIOR
1042647.6 1040714.7 SUPERIOR
1042915.0 1040726.6 SUPERIOR
1043280.5 1040738.9 SUPERIOR
1042626.9 1040752.0 SUPERIOR
1041950.2 1040763.7 SUPERIOR
1041951.2 1040774.0 SUPERIOR
1042082.1 1040784.3 SUPERIOR
1041502.5 1040794.8 SUPERIOR
1040957.8 1040804.0 SUPERIOR
1040575.0 1040812.1 INFERIOR
1040827.2 1040819.4 SUPERIOR
1040043.4 1040827.2 INFERIOR
1039733.1 1040833.4 INFERIOR
1039317.0 1040838.9 INFERIOR
1039327.2 1040843.5 INFERIOR
1038193.6 1040848.1 INFERIOR
1038059.9 1040850.4 INFERIOR
1037470.3 1040852.4 INFERIOR
1036889.3 1040853.1 INFERIOR
1036645.0 1040852.6 INFERIOR
1036526.9 1040851.7 INFERIOR
1036579.5 1040850.4 INFERIOR
1035579.0 1040849.3 INFERIOR
1035367.8 1040846.1 INFERIOR
1035185.2 1040842.5 INFERIOR
1034623.9 1040838.5 INFERIOR
1034068.5 1040833.4 INFERIOR
1034589.6 1040827.1 INFERIOR
1034416.6 1040821.9 INFERIOR
1033707.3 1040816.3 INFERIOR
1034131.3 1040809.3 INFERIOR
1033791.2 1040803.2 INFERIOR
1033746.0 1040796.4 INFERIOR
1033554.8 1040789.5 INFERIOR
1033510.2 1040782.2 INFERIOR
1033507.1 1040774.8 INFERIOR
1033270.4 1040767.4 INFERIOR
1033714.2 1040759.6 INFERIOR
1033390.6 1040752.7 INFERIOR
1034175.7 1040745.1 INFERIOR
1033593.8 1040739.2 INFERIOR
1034452.1 1040732.0 INFERIOR
1034462.4 1040726.7 INFERIOR
1035020.8 1040721.4 INFERIOR
1034528.4 1040717.2 INFERIOR
1035165.8 1040712.0 INFERIOR
1035357.9 1040708.1 INFERIOR
1036182.1 1040704.7 INFERIOR
1035981.6 1040702.9 INFERIOR
1036743.5 1040700.7 INFERIOR
1037442.0 1040700.1 INFERIOR
1037274.6 1040700.9 INFERIOR
1037644.9 1040701.3 INFERIOR
1038149.7 1040702.6 INFERIOR
1038503.7 1040704.8 INFERIOR
1039380.8 1040707.7 INFERIOR
1039246.1 1040712.5 INFERIOR
1040244.0 1040716.9 INFERIOR
1040571.5 1040723.4 INFERIOR
1040697.6 1040730.5 INFERIOR
1040684.1 1040737.9 INFERIOR
1041173.7 1040745.2 SUPERIOR
1041626.3 1040753.5 SUPERIOR
1041569.6 1040762.7 SUPERIOR
1042655.7 1040771.8 SUPERIOR
1042741.3 1040783.1 SUPERIOR
1042701.4 1040794.5 SUPERIOR
1042732.6 1040805.8 SUPERIOR
1043193.2 1040817.1 SUPERIOR
1043021.7 1040829.4 SUPERIOR
1043778.5 1040841.3 SUPERIOR
1043853.1 1040854.7 SUPERIOR
1042965.8 1040868.2 SUPERIOR
1043407.0 1040879.9 SUPERIOR
1043082.6 1040892.5 SUPERIOR
1043489.3 1040904.4 SUPERIOR
1042964.9 1040917.1 SUPERIOR
1042708.9 1040928.7 SUPERIOR
1043368.4 1040939.8 SUPERIOR
1042554.5 1040952.1 SUPERIOR
1042662.8 1040962.9 SUPERIOR
1042167.5 1040973.8 SUPERIOR
1041635.4 1040983.7 SUPERIOR
1041992.5 1040992.5 SUPERIOR
1041536.7 1041002.0 SUPERIOR
1041053.0 1041010.6 SUPERIOR
1041029.9 1041018.1 SUPERIOR
1040338.9 1041025.7 INFERIOR
1039375.2 1041031.8 INFERIOR
1039769.1 1041036.0 INFERIOR
1038846.9 1041040.9 INFERIOR
1038913.7 1041044.0 INFERIOR
1037937.0 1041047.2 INFERIOR
1038068.4 1041048.5 INFERIOR
1037380.8 1041050.0 INFERIOR
1036894.8 1041050.2 INFERIOR
1036080.1 1041049.3 INFERIOR
1036081.8 1041046.9 INFERIOR
1035934.9 1041044.4 INFERIOR
1035329.8 1041041.7 INFERIOR
1035155.7 1041037.7 INFERIOR
1034869.0 1041033.5 INFERIOR
1034192.4 1041028.6 INFERIOR
1034541.7 1041022.4 INFERIOR
1034432.7 1041016.9 INFERIOR
1034318.3 1041011.2 INFERIOR
1034250.3 1041005.3 INFERIOR
1033540.0 1040999.3 INFERIOR
1033205.4 1040991.8 INFERIOR
1033569.5 1040983.7 INFERIOR
1033327.0 1040976.3 INFERIOR
1033096.2 1040968.5 INFERIOR
1033421.7 1040960.2 INFERIOR
1033270.9 1040952.6 INFERIOR
1034071.0 1040944.7 INFERIOR
1034167.6 1040938.4 INFERIOR
1034479.2 1040932.3 INFERIOR
1034023.8 1040926.8 INFERIOR
1034795.5 1040920.4 INFERIOR
1034554.9 1040915.5 INFERIOR
1035215.8 1040910.2 INFERIOR
1035457.5 1040906.2 INFERIOR
1036057.6 1040902.7 INFERIOR
1036331.6 1040900.4 INFERIOR
1036408.5 1040898.6 INFERIOR
1036809.6 1040896.9 INFERIOR
1037877.0 1040896.1 INFERIOR
1037937.0 1040897.3 INFERIOR
1038505.7 1040898.7 INFERIOR
1038987.9 1040901.2 INFERIOR
1039037.0 1040904.6 INFERIOR
1039656.1 1040908.1 INFERIOR
1039934.7 1040912.8 INFERIOR
1040035.9 1040918.0 INFERIOR
1041223.1 1040923.5 SUPERIOR
1040724.3 1040931.2 INFERIOR
1041267.3 1040938.0 SUPERIOR
1041556.6 1040945.8 SUPERIOR
1041814.5 1040954.2 SUPERIOR
1042882.9 1040963.0 SUPERIOR
1042207.8 1040974.0 SUPERIOR
1043272.8 1040983.5 SUPERIOR
1043389.7 1040995.2 SUPERIOR
1043581.9 1041007.0 SUPERIOR
1043274.3 1041019.2 SUPERIOR
1043871.4 1041030.8 SUPERIOR
1043228.1 1041043.5 SUPERIOR
1043306.7 1041055.0 SUPERIOR
1043909.6 1041066.6 SUPERIOR
1043548.4 1041079.3 SUPERIOR
1043834.6 1041091.3 SUPERIOR
1042994.2 1041103.9 SUPERIOR
1043031.5 1041114.7 SUPERIOR
1043169.1 1041125.7 SUPERIOR
1043145.4 1041136.9 SUPERIOR
1042777.6 1041148.0 SUPERIOR
1042849.9 1041158.4 SUPERIOR
1042508.1 1041168.9 SUPERIOR
1041643.6 1041178.7 SUPERIOR
1041767.0 1041186.8 SUPERIOR
1041137.4 1041195.2 INFERIOR
1040828.3 1041202.3 INFERIOR
1040985.2 1041208.8 INFERIOR
1040490.2 1041215.6 INFERIOR
1039490.1 1041221.4 INFERIOR
1039468.7 1041225.3 INFERIOR
1039266.0 1041229.1 INFERIOR
1038224.1 1041232.5 INFERIOR
1037880.5 1041234.0 INFERIOR
1037649.4 1041234.7 INFERIOR
1037082.5 1041235.0 INFERIOR
1037226.6 1041234.2 INFERIOR
1036596.5 1041233.7 INFERIOR
1036559.4 1041232.0 INFERIOR
1035527.6 1041230.2 INFERIOR
1035328.3 1041226.4 INFERIOR
1035501.3 1041222.2 INFERIOR
1034743.4 1041218.4 INFERIOR
1034179.0 1041213.2 INFERIOR
1034002.2 1041206.8 INFERIOR
1034664.2 1041200.1 INFERIOR
1034061.6 1041194.7 INFERIOR
1033813.1 1041188.2 INFERIOR
1033723.2 1041181.2 INFERIOR
1033386.6 1041174.0 INFERIOR
1034195.2 1041166.2 INFERIOR
1033514.7 1041159.9 INFERIOR
1033383.0 1041152.4 INFERIOR
1034123.4 1041144.6 INFERIOR
1033749.5 1041138.3 INFERIOR
1034537.5 1041131.2 INFERIOR
1033854.9 1041125.6 INFERIOR
1034910.3 1041118.8 INFERIOR
1034586.3 1041114.0 INFERIOR
1035151.2 1041108.6 INFERIOR
1035541.1 1041104.2 INFERIOR
1035206.4 1041100.6 INFERIOR
1036449.3 1041096.4 INFERIOR
1035930.5 1041094.5 INFERIOR
1036319.6 1041091.6 INFERIOR
1036575.6 1041089.5 INFERIOR
1037906.8 1041087.9 INFERIOR
1038019.9 1041088.8 INFERIOR
1038766.3 1041089.9 INFERIOR
1038265.7 1041092.5 INFERIOR
1039400.2 1041094.0 INFERIOR
1039896.0 1041097.8 INFERIOR
1039756.5 1041102.4 INFERIOR
1040308.5 1041106.8 INFERIOR
1041163.6 1041112.2 SUPERIOR
1041566.9 1041119.2 SUPERIOR
1041403.8 1041127.0 SUPERIOR
1042280.4 1041134.4 SUPERIOR
1041991.0 1041143.5 SUPERIOR
1042599.0 1041152.0 SUPERIOR
1042643.8 1041161.7 SUPERIOR
1043005.8 1041171.4 SUPERIOR
1043353.2 1041181.8 SUPERIOR
1043870.7 1041192.8 SUPERIOR
1043070.7 1041204.8 SUPERIOR
1043480.7 1041215.2 SUPERIOR
1043604.2 1041226.4 SUPERIOR
1044206.2 1041237.8 SUPERIOR
1043548.0 1041250.4 SUPERIOR
1043764.9 1041261.6 SUPERIOR
1043420.9 1041273.3 SUPERIOR
1043816.2 1041284.3 SUPERIOR
1043697.8 1041296.0 SUPERIOR
1042947.7 1041307.4 SUPERIOR
1042952.7 1041317.5 SUPERIOR
1043367.6 1041327.5 SUPERIOR
1042810.4 1041338.3 SUPERIOR
1042652.0 1041348.0 SUPERIOR
1042114.3 1041357.4 SUPERIOR
1041422.0 1041365.8 SUPERIOR
1041333.4 1041372.9 INFERIOR
1040873.9 1041379.8 INFERIOR
1040972.1 1041385.8 INFERIOR
1040851.7 1041392.1 INFERIOR
1040059.4 1041398.0 INFERIOR
1039818.0 1041402.5 INFERIOR
1039374.7 1041406.5 INFERIOR
1038693.7 1041409.7 INFERIOR
1038204.4 1041411.6 INFERIOR
1038061.1 1041412.6 INFERIOR
1037955.6 1041413.3 INFERIOR
1037387.4 1041413.9 INFERIOR
1036446.2 1041413.3 INFERIOR
1036431.1 1041411.1 INFERIOR
1035651.6 1041408.8 INFERIOR
1036187.5 1041405.0 INFERIOR
1035444.8 1041402.3 INFERIOR
1034757.8 1041398.1 INFERIOR
1035006.1 1041392.8 INFERIOR
1034840.3 1041387.8 INFERIOR
1034157.3 1041382.6 INFERIOR
1034538.5 1041376.1 INFERIOR
1034184.1 1041370.4 INFERIOR
1034174.4 1041363.9 INFERIOR
1033736.9 1041357.5 INFERIOR
1034080.2 1041350.3 INFERIOR
1033807.1 1041343.7 INFERIOR
1033595.2 1041336.6 INFERIOR
1034369.3 1041329.2 INFERIOR
1033763.8 1041323.2 INFERIOR
1034401.7 1041316.1 INFERIOR
1034373.4 1041310.1 INFERIOR
1034564.5 1041304.1 INFERIOR
1035084.9 1041298.5 INFERIOR
1035452.4 1041293.8 INFERIOR
1035848.8 1041289.9 INFERIOR
1035813.2 1041286.6 INFERIOR
1036302.8 1041283.3 INFERIOR
1036345.0 1041280.9 INFERIOR
1036590.0 1041278.6 INFERIOR
1036608.8 1041276.7 INFERIOR
1037761.5 1041274.9 INFERIOR
1037931.9 1041275.1 INFERIOR
1038255.7 1041275.7 INFERIOR
1038648.6 1041276.9 INFERIOR
1039068.1 1041278.8 INFERIOR
1039523.7 1041281.5 INFERIOR
1039896.0 1041284.9 INFERIOR
1040290.7 1041289.1 INFERIOR
1041011.3 1041294.0 INFERIOR
1041313.5 1041300.1 SUPERIOR
1041817.4 1041306.9 SUPERIOR
1041597.7 1041314.5 SUPERIOR
1042168.5 1041321.7 SUPERIOR
1042150.5 1041329.9 SUPERIOR
1042316.9 1041338.1 SUPERIOR
1043321.1 1041346.6 SUPERIOR
1043651.5 1041356.9 SUPERIOR
1043632.0 1041367.7 SUPERIOR
1043371.8 1041378.6 SUPERIOR
1043492.9 1041388.9 SUPERIOR
1043642.4 1041399.4 SUPERIOR
1043609.7 1041410.2 SUPERIOR
1043973.2 1041420.9 SUPERIOR
1043952.6 1041432.2 SUPERIOR
1044147.4 1041443.5 SUPERIOR
1043758.6 1041455.1 SUPERIOR
1044203.9 1041466.0 SUPERIOR
1044024.6 1041477.7 SUPERIOR
1043960.4 1041489.0 SUPERIOR
1043341.3 1041500.3 SUPERIOR
1043483.4 1041510.3 SUPERIOR
1043223.8 1041520.6 SUPERIOR
1042046.3 1041530.4 SUPERIOR
1042629.0 1041538.1 SUPERIOR
1041956.3 1041546.8 SUPERIOR
1041676.1 1041554.3 SUPERIOR
1041252.9 1041561.3 INFERIOR
1040974.3 1041567.5 INFERIOR
1040852.3 1041573.1 INFERIOR
1040392.2 1041578.6 INFERIOR
1039696.5 1041583.2 INFERIOR
1039222.0 1041586.5 INFERIOR
1038622.9 1041589.0 INFERIOR
1038712.2 1041590.4 INFERIOR
1037511.6 1041592.0 INFERIOR
1037558.5 1041591.4 INFERIOR
1037297.2 1041590.9 INFERIOR
1036834.2 1041589.9 INFERIOR
1036240.5 1041588.1 INFERIOR
1036341.9 1041585.2 INFERIOR
1036133.5 1041582.5 INFERIOR
1035266.1 1041579.4 INFERIOR
1035047.1 1041574.8 INFERIOR
1035260.6 1041569.8 INFERIOR
1034682.8 1041565.2 INFERIOR
1034984.0 1041559.5 INFERIOR
1034367.4 1041554.4 INFERIOR
1033889.4 1041548.3 INFERIOR
1033667.7 1041541.2 INFERIOR
1033735.5 1041533.8 INFERIOR
1033706.2 1041526.5 INFERIOR
1034520.9 1041519.2 INFERIOR
1034100.2 1041513.3 INFERIOR
1034115.6 1041506.7 INFERIOR
1034595.4 1041500.1 INFERIOR
1034354.7 1041494.4 INFERIOR
1034234.4 1041488.3 INFERIOR
1035160.2 1041481.9 INFERIOR
1035633.7 1041477.2 INFERIOR
1035338.6 1041473.4 INFERIOR
1035279.3 1041469.0 INFERIOR
1035962.3 1041464.6 INFERIOR
1036265.6 1041461.3 INFERIOR
1036368.4 1041458.6 INFERIOR
1037303.8 1041456.1 INFERIOR
1037876.8 1041455.3 INFERIOR
1037794.8 1041455.4 INFERIOR
1038373.1 1041455.4 INFERIOR
1038853.7 1041456.5 INFERIOR
1038820.9 1041458.4 INFERIOR
1039448.5 1041460.2 INFERIOR
1039762.6 1041463.1 INFERIOR
1040242.5 1041466.6 INFERIOR
1040746.8 1041470.9 INFERIOR
1040979.9 1041476.1 INFERIOR
1041732.7 1041481.7 SUPERIOR
1041665.9 1041488.6 SUPERIOR
1042507.6 1041495.4 SUPERIOR
1042387.6 1041503.7 SUPERIOR
1042805.6 1041511.7 SUPERIOR
1042823.6 1041520.5 SUPERIOR
1043611.9 1041529.2 SUPERIOR
1043134.1 1041539.4 SUPERIOR
1043718.6 1041548.7 SUPERIOR
1044388.4 1041559.0 SUPERIOR
1044210.3 1041570.4 SUPERIOR
1043757.4 1041581.5 SUPERIOR
1043854.0 1041591.8 SUPERIOR
1044426.4 1041602.3 SUPERIOR
1044144.1 1041613.8 SUPERIOR
1043762.1 1041624.7 SUPERIOR
1043961.9 1041635.0 SUPERIOR
1044058.0 1041645.5 SUPERIOR
1043906.1 1041656.3 SUPERIOR
1043403.4 1041666.7 SUPERIOR
1043225.2 1041676.3 SUPERIOR
1043497.1 1041685.5 SUPERIOR
1042937.1 1041695.2 SUPERIOR
1042133.2 1041703.9 SUPERIOR
1042198.2 1041711.1 SUPERIOR
1042068.4 1041718.5 SUPERIOR
1041345.6 1041725.6 INFERIOR
1040730.3 1041731.5 INFERIOR
1040239.8 1041736.3 INFERIOR
1039807.7 1041740.2 INFERIOR
1039911.3 1041743.4 INFERIOR
1039568.5 1041746.7 INFERIOR
1038574.8 1041749.4 INFERIOR
1038183.2 1041750.4 INFERIOR
1037969.1 1041750.7 INFERIOR
1037637.1 1041750.6 INFERIOR
1037702.2 1041750.0 INFERIOR
1036904.4 1041749.5 INFERIOR
1036668.4 1041747.6 INFERIOR
1036096.7 1041745.2 INFERIOR
1035657.1 1041741.9 INFERIOR
1035683.2 1041737.9 INFERIOR
1035618.5 1041733.8 INFERIOR
1034839.7 1041729.7 INFERIOR
1034529.1 1041724.2 INFERIOR
1035141.2 1041718.2 INFERIOR
1034113.6 1041713.3 INFERIOR
1034103.8 1041706.6 INFERIOR
1034099.1 1041699.9 INFERIOR
1034717.0 1041693.2 INFERIOR
1034142.2 1041687.5 INFERIOR
1034727.7 1041680.9 INFERIOR
1034126.3 1041675.3 INFERIOR
1034670.5 1041668.7 INFERIOR
1034421.1 1041663.0 INFERIOR
1034217.2 1041656.9 INFERIOR
1034582.6 1041650.4 INFERIOR
1035183.8 1041644.6 INFERIOR
1034810.9 1041639.8 INFERIOR
1035508.7 1041634.4 INFERIOR
1035895.3 1041630.2 INFERIOR
1036385.4 1041626.7 INFERIOR
1036319.2 1041624.0 INFERIOR
1036793.5 1041621.2 INFERIOR
1037521.1 1041619.2 INFERIOR
1037907.0 1041618.5 INFERIOR
1038329.1 1041618.4 INFERIOR
1038392.5 1041619.1 INFERIOR
1039210.8 1041619.8 INFERIOR
1039348.1 1041622.0 INFERIOR
1039256.2 1041624.4 INFERIOR
1040190.2 1041626.6 INFERIOR
1040714.5 1041630.4 INFERIOR
1040887.8 1041635.1 INFERIOR
1040720.6 1041640.1 INFERIOR
1041933.1 1041644.8 SUPERIOR
1041597.9 1041651.6 INFERIOR
1042713.3 1041657.7 SUPERIOR
1043006.8 1041665.8 SUPERIOR
1043303.6 1041674.4 SUPERIOR
1043105.4 1041683.4 SUPERIOR
1043482.2 1041692.1 SUPERIOR
1043420.5 1041701.4 SUPERIOR
1043798.3 1041710.6 SUPERIOR
1044149.0 1041720.5 SUPERIOR
1043729.2 1041730.9 SUPERIOR
1044499.3 1041740.6 SUPERIOR
1044336.0 1041751.5 SUPERIOR
1044079.6 1041762.2 SUPERIOR
1044260.3 1041772.4 SUPERIOR
1044394.3 1041782.9 SUPERIOR
1043752.0 1041793.7 SUPERIOR
1043817.8 1041803.3 SUPERIOR
1043592.4 1041813.0 SUPERIOR
1044244.8 1041822.3 SUPERIOR
1043298.2 1041832.7 SUPERIOR
1043273.1 1041841.5 SUPERIOR
1042998.0 1041850.3 SUPERIOR
1043027.9 1041858.5 SUPERIOR
1042208.3 1041866.8 SUPERIOR
1041816.5 1041873.7 INFERIOR
1041961.3 1041879.9 SUPERIOR
1041517.7 1041886.4 INFERIOR
1040922.7 1041892.0 INFERIOR
1040208.6 1041896.7 INFERIOR
1039806.4 1041900.2 INFERIOR
1040160.0 1041903.0 INFERIOR
1039273.6 1041906.3 INFERIOR
1039450.7 1041908.2 INFERIOR
1038968.7 1041910.4 INFERIOR
1038251.5 1041911.7 INFERIOR
1037728.4 1041911.9 INFERIOR
1037343.6 1041911.1 INFERIOR
1036796.3 1041909.8 INFERIOR
1036753.9 1041907.4 INFERIOR
1036690.6 1041905.1 INFERIOR
1035904.1 1041902.6 INFERIOR
1036074.5 1041898.8 INFERIOR
1035923.6 1041895.3 INFERIOR
1035543.5 1041891.5 INFERIOR
1034866.8 1041887.2 INFERIOR
1034879.7 1041881.6 INFERIOR
1034290.1 1041876.2 INFERIOR
1034467.5 1041869.7 INFERIOR
1034374.7 1041863.5 INFERIOR
1033933.3 1041857.2 INFERIOR
1034089.6 1041850.2 INFERIOR
1034399.7 1041843.4 INFERIOR
1034364.7 1041837.2 INFERIOR
1034784.6 1041830.9 INFERIOR
1034373.0 1041825.3 INFERIOR
1034866.7 1041819.0 INFERIOR
1035203.4 1041813.6 INFERIOR
1035157.7 1041808.7 INFERIOR
1035784.4 1041803.8 INFERIOR
1035452.9 1041799.9 INFERIOR
1036258.1 1041795.5 INFERIOR
1036191.8 1041792.4 INFERIOR
1036562.7 1041789.2 INFERIOR
1037421.0 1041786.6 INFERIOR
1037238.2 1041785.4 INFERIOR
1038011.6 1041784.0 INFERIOR
1038180.2 1041783.8 INFERIOR
1039086.8 1041783.9 INFERIOR
1039364.3 1041785.6 INFERIOR
1039276.2 1041787.6 INFERIOR
1040420.4 1041789.5 INFERIOR
1040514.7 1041793.4 INFERIOR
1040775.8 1041797.3 INFERIOR
1041150.9 1041801.7 INFERIOR
1041707.7 1041806.7 INFERIOR
1042319.6 1041812.6 SUPERIOR
1042291.4 1041819.5 SUPERIOR
1042302.9 1041826.4 SUPERIOR
1042759.5 1041833.3 SUPERIOR
1043235.4 1041840.9 SUPERIOR
1043682.3 1041849.3 SUPERIOR
1043575.2 1041858.4 SUPERIOR
1043859.9 1041867.3 SUPERIOR
1044592.6 1041876.7 SUPERIOR
1044020.3 1041887.2 SUPERIOR
1044421.5 1041896.8 SUPERIOR
1044491.9 1041907.1 SUPERIOR
1044844.8 1041917.4 SUPERIOR
1044171.5 1041928.3 SUPERIOR
1044608.4 1041938.1 SUPERIOR
1044446.8 1041948.6 SUPERIOR
1043807.9 1041958.8 SUPERIOR
1043851.8 1041968.0 SUPERIOR
1044441.3 1041977.2 SUPERIOR
1043566.4 1041987.3 SUPERIOR
1043940.9 1041996.0 SUPERIOR
1043128.3 1042005.3 SUPERIOR
1043340.2 1042013.3 SUPERIOR
1042454.0 1042021.6 SUPERIOR
1042532.3 1042028.4 SUPERIOR
1042093.0 1042035.4 SUPERIOR
1041279.4 1042041.6 INFERIOR
1041419.1 1042046.5 INFERIOR
1040939.1 1042051.6 INFERIOR
1040484.6 1042055.9 INFERIOR
1040148.9 1042059.4 INFERIOR
1039949.1 1042062.4 INFERIOR
1038983.0 1042065.1 INFERIOR
1039016.9 1042066.2 INFERIOR
1038554.7 1042067.3 INFERIOR
1037864.5 1042067.7 INFERIOR
1038025.1 1042066.9 INFERIOR
1037465.2 1042066.4 INFERIOR
1037363.2 1042065.0 INFERIOR
1036960.0 1042063.5 INFERIOR
1035946.1 1042061.3 INFERIOR
1036203.6 1042057.4 INFERIOR
1035328.9 1042053.9 INFERIOR
1035096.2 1042049.1 INFERIOR
1035244.0 1042043.9 INFERIOR
1034774.8 1042038.9 INFERIOR
1035288.3 1042033.1 INFERIOR
1034663.1 1042028.2 INFERIOR
1035043.3 1042022.3 INFERIOR
1034565.5 1042017.0 INFERIOR
1034479.9 1042011.0 INFERIOR
1035009.3 1042004.8 INFERIOR
1034475.5 1041999.5 INFERIOR
1034301.5 1041993.3 INFERIOR
1034670.0 1041986.8 INFERIOR
1034989.1 1041981.0 INFERIOR
1035526.6 1041975.6 INFERIOR
1035327.1 1041971.2 INFERIOR
1035994.8 1041966.4 INFERIOR
1035725.8 1041962.7 INFERIOR
1035934.7 1041958.6 INFERIOR
1036530.2 1041954.8 INFERIOR
1037251.5 1041952.0 INFERIOR
1037412.1 1041950.4 INFERIOR
1037728.2 1041949.0 INFERIOR
1038109.8 1041948.1 INFERIOR
1037819.1 1041947.9 INFERIOR
1039186.3 1041947.1 INFERIOR
1038762.2 1041948.6 INFERIOR
1039714.5 1041949.4 INFERIOR
1040031.4 1041951.7 INFERIOR
1040711.2 1041954.5 INFERIOR
1040502.1 1041958.4 INFERIOR
1041290.2 1041962.0 INFERIOR
1041106.0 1041966.8 INFERIOR
1041944.7 1041971.3 INFERIOR
1042697.7 1041977.2 SUPERIOR
1043061.4 1041984.3 SUPERIOR
1042654.3 1041991.9 SUPERIOR
1042786.9 1041998.8 SUPERIOR
1043187.0 1042006.0 SUPERIOR
1043351.3 1042013.8 SUPERIOR
1044034.2 1042021.8 SUPERIOR
1044517.3 1042031.0 SUPERIOR
1044148.4 1042040.9 SUPERIOR
1044779.5 1042050.1 SUPERIOR
1044912.5 1042060.4 SUPERIOR
1044118.2 1042070.9 SUPERIOR
1044747.3 1042080.1 SUPERIOR
1044393.4 1042090.2 SUPERIOR
1044205.2 1042099.8 SUPERIOR
1044327.4 1042109.1 SUPERIOR
1044328.3 1042118.6 SUPERIOR
1043859.4 1042128.0 SUPERIOR
1043684.8 1042136.7 SUPERIOR
1044039.8 1042145.1 SUPERIOR
1043732.3 1042154.0 SUPERIOR
1043479.7 1042162.5 SUPERIOR
1042600.9 1042170.5 SUPERIOR
1042818.1 1042177.1 SUPERIOR
1042056.6 1042184.1 INFERIOR
1042359.4 1042189.8 SUPERIOR
1041770.4 1042196.0 INFERIOR
1041426.3 1042201.3 INFERIOR
1040919.5 1042206.0 INFERIOR
1040098.0 1042209.9 INFERIOR
1040216.6 1042212.5 INFERIOR
1039691.3 1042215.3 INFERIOR
1039665.7 1042217.2 INFERIOR
1039025.9 1042219.1 INFERIOR
1038013.0 1042220.0 INFERIOR
1037683.7 1042219.2 INFERIOR
1037432.6 1042218.0 INFERIOR
1037385.1 1042216.3 INFERIOR
1037017.1 1042214.6 INFERIOR
1036561.8 1042212.3 INFERIOR
1035779.3 1042209.3 INFERIOR
1035567.8 1042205.1 INFERIOR
1035799.6 1042200.5 INFERIOR
1035242.2 1042196.3 INFERIOR
1034780.5 1042191.2 INFERIOR
1034868.8 1042185.4 INFERIOR
1035435.4 1042179.7 INFERIOR
1034624.4 1042175.0 INFERIOR
1034599.3 1042169.0 INFERIOR
1034465.1 1042162.9 INFERIOR
1034341.5 1042156.6 INFERIOR
1034474.1 1042150.2 INFERIOR
1034342.8 1042143.9 INFERIOR
1035182.4 1042137.5 INFERIOR
1034604.6 1042132.4 INFERIOR
1035414.4 1042126.4 INFERIOR
1035862.0 1042121.7 INFERIOR
1035334.6 1042117.6 INFERIOR
1035772.6 1042112.8 INFERIOR
1035746.7 1042108.6 INFERIOR
1036505.8 1042104.4 INFERIOR
1036339.8 1042101.4 INFERIOR
1037264.2 1042098.2 INFERIOR
1037881.1 1042096.4 INFERIOR
1038260.7 1042095.5 INFERIOR
1038317.5 1042095.3 INFERIOR
1038379.9 1042095.1 INFERIOR
1038801.3 1042095.1 INFERIOR
1039884.7 1042095.7 INFERIOR
1039656.1 1042097.9 INFERIOR
1040315.7 1042099.9 INFERIOR
1041115.6 1042102.8 INFERIOR
1041230.1 1042107.0 INFERIOR
1041569.3 1042111.4 INFERIOR
1041530.3 1042116.3 INFERIOR
1042698.3 1042121.1 SUPERIOR
1042422.4 1042127.7 SUPERIOR
1043486.0 1042133.9 SUPERIOR
1043484.5 1042141.7 SUPERIOR
1043473.2 1042149.5 SUPERIOR
1043745.8 1042157.3 SUPERIOR
1044106.9 1042165.5 SUPERIOR
1044408.3 1042174.3 SUPERIOR
1044483.8 1042183.5 SUPERIOR
1044796.0 1042192.8 SUPERIOR
1044603.8 1042202.5 SUPERIOR
1044958.2 1042212.0 SUPERIOR
1045235.5 1042222.0 SUPERIOR
1044806.4 1042232.4 SUPERIOR
1045190.3 1042242.1 SUPERIOR
1045124.6 1042252.5 SUPERIOR
1044766.6 1042262.7 SUPERIOR
1044812.4 1042272.3 SUPERIOR
1044197.8 1042282.0 SUPERIOR
1044458.7 1042290.7 SUPERIOR
1044132.9 1042299.8 SUPERIOR
1043985.6 1042308.4 SUPERIOR
1043703.5 1042316.7 SUPERIOR
1043374.4 1042324.6 SUPERIOR
1042513.0 1042332.0 SUPERIOR
1042532.8 1042338.1 SUPERIOR
1042409.2 1042344.2 SUPERIOR
1041460.7 1042350.0 INFERIOR
1041401.1 1042354.4 INFERIOR
1041201.7 1042358.7 INFERIOR
1040417.0 1042362.7 INFERIOR
1040153.9 1042365.5 INFERIOR
1039615.6 1042367.8 INFERIOR
1039249.6 1042369.4 INFERIOR
1038974.4 1042370.3 INFERIOR
1037797.5 1042370.9 INFERIOR
1037979.0 1042369.6 INFERIOR
1037887.5 1042368.6 INFERIOR
1037264.5 1042367.5 INFERIOR
1036878.5 1042365.4 INFERIOR
1036688.0 1042362.7 INFERIOR
1035743.7 1042359.8 INFERIOR
1035550.9 1042355.4 INFERIOR
1036145.8 1042350.7 INFERIOR
1035530.1 1042346.9 INFERIOR
1035223.6 1042342.2 INFERIOR
1034959.3 1042337.0 INFERIOR
1034770.7 1042331.4 INFERIOR
1035334.6 1042325.5 INFERIOR
1034764.1 1042320.5 INFERIOR
1035324.3 1042314.7 INFERIOR
1034400.1 1042309.7 INFERIOR
1034928.4 1042303.3 INFERIOR
1035316.2 1042297.7 INFERIOR
1034888.8 1042292.7 INFERIOR
1035057.2 1042287.0 INFERIOR
1035201.5 1042281.7 INFERIOR
1035724.0 1042276.5 INFERIOR
1036336.6 1042272.2 INFERIOR
1036180.0 1042268.8 INFERIOR
1036379.7 1042265.1 INFERIOR
1036999.2 1042261.8 INFERIOR
1037427.9 1042259.4 INFERIOR
1037461.9 1042257.6 INFERIOR
1037472.2 1042256.0 INFERIOR
1038655.8 1042254.3 INFERIOR
1038778.7 1042254.4 INFERIOR
1038760.5 1042254.7 INFERIOR
1039508.4 1042255.0 INFERIOR
1040351.7 1042256.4 INFERIOR
1040557.9 1042259.1 INFERIOR
1040533.8 1042262.1 INFERIOR
1041120.4 1042265.1 INFERIOR
1041964.4 1042268.9 INFERIOR
1041466.6 1042274.0 INFERIOR
1042104.5 1042278.4 INFERIOR
1042518.5 1042283.7 SUPERIOR
1043428.6 1042289.6 SUPERIOR
1043384.8 1042296.9 SUPERIOR
1044099.8 1042304.1 SUPERIOR
1043489.3 1042312.4 SUPERIOR
1044046.2 1042319.8 SUPERIOR
1044106.9 1042327.9 SUPERIOR
1044452.2 1042336.2 SUPERIOR
1044895.2 1042345.0 SUPERIOR
1045277.3 1042354.4 SUPERIOR
1044701.5 1042364.4 SUPERIOR
1045147.7 1042373.5 SUPERIOR
1045239.9 1042383.3 SUPERIOR
1044982.8 1042393.1 SUPERIOR
1045201.6 1042402.6 SUPERIOR
1044901.2 1042412.4 SUPERIOR
1044887.5 1042421.8 SUPERIOR
1044944.7 1042431.1 SUPERIOR
1044036.1 1042440.5 SUPERIOR
1044020.3 1042448.5 SUPERIOR
1043372.4 1042456.4 SUPERIOR
1043989.8 1042463.4 SUPERIOR
1042882.9 1042471.3 SUPERIOR
1042724.8 1042477.5 SUPERIOR
1042944.7 1042483.5 SUPERIOR
1041906.5 1042489.8 INFERIOR
1041536.1 1042494.5 INFERIOR
1041263.6 1042498.7 INFERIOR
1040657.3 1042502.5 INFERIOR
1041023.7 1042505.3 INFERIOR
1040367.4 1042508.7 INFERIOR
1039442.0 1042511.1 INFERIOR
1039018.4 1042512.1 INFERIOR
1039033.2 1042512.5 INFERIOR
1038908.3 1042512.9 INFERIOR
1038290.4 1042513.1 INFERIOR
1037852.4 1042512.4 INFERIOR
1037658.8 1042511.1 INFERIOR
1036874.0 1042509.4 INFERIOR
1036336.9 1042506.6 INFERIOR
1036372.2 1042503.0 INFERIOR
1036678.3 1042499.4 INFERIOR
1036155.4 1042496.3 INFERIOR
1035752.6 1042492.4 INFERIOR
1035328.3 1042488.0 INFERIOR
1035491.7 1042482.9 INFERIOR
1034893.1 1042478.0 INFERIOR
1035290.5 1042472.3 INFERIOR
1035006.6 1042467.1 INFERIOR
1035452.0 1042461.6 INFERIOR
1034502.9 1042456.7 INFERIOR
1035203.9 1042450.4 INFERIOR
1035234.6 1042445.2 INFERIOR
1034751.5 1042440.0 INFERIOR
1035316.9 1042434.1 INFERIOR
1035549.5 1042429.0 INFERIOR
1035771.4 1042424.3 INFERIOR
1035805.0 1042420.0 INFERIOR
1036514.6 1042415.6 INFERIOR
1036755.7 1042412.4 INFERIOR
1036490.3 1042409.5 INFERIOR
1036837.9 1042406.2 INFERIOR
1037736.4 1042403.4 INFERIOR
1038094.7 1042402.0 INFERIOR
1037848.8 1042401.0 INFERIOR
1039022.4 1042399.8 INFERIOR
1038858.2 1042400.2 INFERIOR
1039248.3 1042400.4 INFERIOR
1040171.9 1042401.2 INFERIOR
1040517.2 1042403.3 INFERIOR
1040690.2 1042406.0 INFERIOR
1041471.6 1042408.9 INFERIOR
1041696.1 1042412.9 INFERIOR
1041945.3 1042417.3 INFERIOR
1041829.1 1042422.0 INFERIOR
1042527.9 1042426.6 SUPERIOR
1043353.6 1042432.1 SUPERIOR
1043811.9 1042438.9 SUPERIOR
1043603.2 1042446.4 SUPERIOR
1044270.7 1042453.5 SUPERIOR
1044167.5 1042461.6 SUPERIOR
1044670.8 1042469.5 SUPERIOR
1044854.1 1042478.2 SUPERIOR
1045063.9 1042487.1 SUPERIOR
1044891.3 1042496.3 SUPERIOR
1044803.7 1042505.2 SUPERIOR
1044550.1 1042514.0 SUPERIOR
1045303.6 1042522.4 SUPERIOR
1045112.1 1042531.9 SUPERIOR
1044680.0 1042541.2 SUPERIOR
1044946.7 1042549.7 SUPERIOR
1044666.4 1042558.7 SUPERIOR
1044732.6 1042567.2 SUPERIOR
1044684.6 1042575.8 SUPERIOR
1044482.3 1042584.3 SUPERIOR
1044428.0 1042592.6 SUPERIOR
1043496.6 1042600.7 SUPERIOR
1043034.7 1042607.4 SUPERIOR
1043362.1 1042613.5 SUPERIOR
1043157.9 1042620.1 SUPERIOR
1042375.8 1042626.3 INFERIOR
1041797.8 1042631.4 INFERIOR
1041938.0 1042635.6 INFERIOR
1041520.6 1042640.1 INFERIOR
1040797.4 1042643.9 INFERIOR
1040066.2 1042646.7 INFERIOR
1040224.7 1042648.4 INFERIOR
1039369.1 1042650.3 INFERIOR
1038801.0 1042651.0 INFERIOR
1039011.4 1042650.8 INFERIOR
1038664.0 1042651.0 INFERIOR
1038026.9 1042650.6 INFERIOR
1038057.5 1042649.4 INFERIOR
1037084.6 1042648.1 INFERIOR
1037388.2 1042645.5 INFERIOR
1036868.5 1042643.3 INFERIOR
1036207.9 1042640.4 INFERIOR
1036540.5 1042636.5 INFERIOR
1035866.4 1042633.1 INFERIOR
1035816.7 1042628.7 INFERIOR
1035871.3 1042624.2 INFERIOR
1035367.8 1042619.8 INFERIOR
1035418.2 1042614.8 INFERIOR
1035643.5 1042609.7 INFERIOR
1035077.6 1042605.1 INFERIOR
1035172.7 1042599.6 INFERIOR
1035527.5 1042594.2 INFERIOR
1035666.4 1042589.4 INFERIOR
1035162.3 1042584.7 INFERIOR
1034943.7 1042579.4 INFERIOR
1035381.7 1042573.7 INFERIOR
1036070.1 1042568.7 INFERIOR
1036122.1 1042564.7 INFERIOR
1036426.7 1042560.7 INFERIOR
1036452.4 1042557.2 INFERIOR
1037169.0 1042553.8 INFERIOR
1036859.4 1042551.3 INFERIOR
1037371.6 1042548.4 INFERIOR
1038091.1 1042546.3 INFERIOR
1038124.6 1042545.2 INFERIOR
1038353.9 1042544.2 INFERIOR
1039266.4 1042543.4 INFERIOR
1039756.2 1042544.0 INFERIOR
1040310.7 1042545.3 INFERIOR
1040237.3 1042547.4 INFERIOR
1040340.0 1042549.4 INFERIOR
1041091.7 1042551.5 INFERIOR
1041060.3 1042554.7 INFERIOR
1041923.3 1042557.8 INFERIOR
1041942.8 1042562.2 INFERIOR
1042598.2 1042566.6 SUPERIOR
1042920.0 1042571.9 SUPERIOR
1043559.3 1042577.7 SUPERIOR
1043691.3 1042584.4 SUPERIOR
1043619.4 1042591.2 SUPERIOR
1043725.2 1042598.0 SUPERIOR
1044297.0 1042604.9 SUPERIOR
1044943.5 1042612.6 SUPERIOR
1044473.3 1042621.2 SUPERIOR
1044818.8 1042629.1 SUPERIOR
1045333.7 1042637.5 SUPERIOR
1045095.3 1042646.6 SUPERIOR
1045351.6 1042655.4 SUPERIOR
1045180.2 1042664.5 SUPERIOR
1044838.4 1042673.4 SUPERIOR
1045144.3 1042681.8 SUPERIOR
1044952.1 1042690.6 SUPERIOR
1044451.9 1042699.1 SUPERIOR
1044508.9 1042706.9 SUPERIOR
1044560.2 1042714.8 SUPERIOR
1044543.1 1042722.7 SUPERIOR
1043754.3 1042730.6 SUPERIOR
1043301.4 1042737.4 SUPERIOR
1043882.2 1042743.5 SUPERIOR
1043043.9 1042750.4 SUPERIOR
1043043.8 1042756.1 SUPERIOR
1042094.9 1042761.8 INFERIOR
1042420.0 1042766.2 INFERIOR
1041424.2 1042771.0 INFERIOR
1041578.0 1042774.4 INFERIOR
1040450.0 1042778.0 INFERIOR
1039934.9 1042780.0 INFERIOR
1039849.8 1042781.3 INFERIOR
1039958.9 1042782.5 INFERIOR
1039541.1 1042783.8 INFERIOR
1038802.3 1042784.5 INFERIOR
1038479.6 1042784.2 INFERIOR
1038454.3 1042783.4 INFERIOR
1037486.8 1042782.5 INFERIOR
1037193.6 1042780.4 INFERIOR
1037230.6 1042777.8 INFERIOR
1036932.8 1042775.2 INFERIOR
1036549.4 1042772.2 INFERIOR
1036427.1 1042768.7 INFERIOR
1035481.1 1042765.1 INFERIOR
1035769.7 1042760.1 INFERIOR
1035783.7 1042755.5 INFERIOR
1035201.4 1042750.9 INFERIOR
1034951.5 1042745.5 INFERIOR
1035500.9 1042739.8 INFERIOR
1035186.8 1042734.9 INFERIOR
1034929.2 1042729.5 INFERIOR
1035184.1 1042723.8 INFERIOR
1035097.8 1042718.4 INFERIOR
1035291.9 1042712.9 INFERIOR
1035779.4 1042707.7 INFERIOR
1036283.9 1042703.2 INFERIOR
1036285.4 1042699.4 INFERIOR
1035830.3 1042695.6 INFERIOR
1036680.4 1042691.1 INFERIOR
1037103.0 1042687.9 INFERIOR
1037076.8 1042685.2 INFERIOR
1037359.4 1042682.6 INFERIOR
1037413.9 1042680.3 INFERIOR
1037910.0 1042678.1 INFERIOR
1038440.3 1042676.6 INFERIOR
1039121.4 1042675.8 INFERIOR
1038996.5 1042676.0 INFERIOR
1039963.4 1042676.0 INFERIOR
1039932.0 1042677.3 INFERIOR
1040334.2 1042678.7 INFERIOR
1040897.1 1042680.5 INFERIOR
1041070.9 1042683.2 INFERIOR
1042160.9 1042686.1 INFERIOR
1042664.4 1042690.5 INFERIOR
1043135.6 1042695.6 SUPERIOR
1043141.7 1042701.3 SUPERIOR
1043485.5 1042707.1 SUPERIOR
1043868.5 1042713.3 SUPERIOR
1043702.6 1042720.1 SUPERIOR
1044287.1 1042726.6 SUPERIOR
1044372.5 1042733.9 SUPERIOR
1045081.5 1042741.3 SUPERIOR
1045026.5 1042749.7 SUPERIOR
1044613.1 1042758.0 SUPERIOR
1045509.6 1042765.7 SUPERIOR
1045418.2 1042774.7 SUPERIOR
1045690.0 1042783.5 SUPERIOR
1044923.9 1042792.7 SUPERIOR
1045805.4 1042800.8 SUPERIOR
1045706.8 1042810.1 SUPERIOR
1045306.0 1042819.3 SUPERIOR
1045495.8 1042827.9 SUPERIOR
1045348.9 1042836.8 SUPERIOR
1044507.4 1042845.4 SUPERIOR
1044779.2 1042852.9 SUPERIOR
1043875.6 1042860.7 SUPERIOR
1044229.8 1042867.3 SUPERIOR
1043785.6 1042874.3 SUPERIOR
1043666.7 1042880.8 SUPERIOR
1042723.1 1042887.0 INFERIOR
1042498.2 1042892.0 INFERIOR
1041965.9 1042896.6 INFERIOR
1042234.4 1042900.5 INFERIOR
1041646.2 1042904.7 INFERIOR
1040817.1 1042908.2 INFERIOR
1040746.2 1042910.4 INFERIOR
1039906.3 1042912.6 INFERIOR
1039424.0 1042913.7 INFERIOR
1039201.7 1042914.0 INFERIOR
1038865.9 1042914.1 INFERIOR
1039072.5 1042913.7 INFERIOR
1037863.4 1042913.5 INFERIOR
1037568.5 1042911.7 INFERIOR
1037904.2 1042909.5 INFERIOR
1037464.4 1042907.8 INFERIOR
1036645.6 1042905.5 INFERIOR
1036304.0 1042902.0 INFERIOR
1036750.3 1042898.1 INFERIOR
1035883.7 1042894.8 INFERIOR
1036071.6 1042890.3 INFERIOR
1035659.2 1042886.0 INFERIOR
1036031.2 1042881.2 INFERIOR
1035401.0 1042877.0 INFERIOR
1035579.6 1042871.8 INFERIOR
1035119.5 1042866.9 INFERIOR
1035118.9 1042861.4 INFERIOR
1035805.8 1042855.9 INFERIOR
1035432.7 1042851.3 INFERIOR
1035315.2 1042846.3 INFERIOR
1035871.1 1042841.1 INFERIOR
1035803.6 1042836.6 INFERIOR
1035768.2 1042832.0 INFERIOR
1035870.4 1042827.5 INFERIOR
1036100.8 1042823.0 INFERIOR
1036443.6 1042818.9 INFERIOR
1037395.6 1042815.2 INFERIOR
1037074.0 1042812.9 INFERIOR
1038061.1 1042810.1 INFERIOR
1038595.2 1042808.6 INFERIOR
1038631.0 1042807.9 INFERIOR
1038506.1 1042807.3 INFERIOR
1039007.9 1042806.4 INFERIOR
1039855.0 1042806.3 INFERIOR
1040269.2 1042807.3 INFERIOR
1040590.7 1042808.8 INFERIOR
1041136.4 1042810.8 INFERIOR
1041173.1 1042813.6 INFERIOR
1042344.1 1042816.3 INFERIOR
1042477.0 1042820.7 INFERIOR
1042688.7 1042825.3 INFERIOR
1043133.9 1042830.1 SUPERIOR
1043802.8 1042835.5 SUPERIOR
1043439.9 1042841.8 SUPERIOR
1043832.9 1042847.6 SUPERIOR
1044436.1 1042854.0 SUPERIOR
1044729.4 1042861.1 SUPERIOR
1044432.5 1042868.7 SUPERIOR
1044990.4 1042875.8 SUPERIOR
1045249.2 1042883.7 SUPERIOR
1045048.0 1042891.9 SUPERIOR
1045477.8 1042899.9 SUPERIOR
1045310.7 1042908.4 SUPERIOR
1045503.0 1042916.6 SUPERIOR
1045705.1 1042925.1 SUPERIOR
1045277.0 1042933.9 SUPERIOR
1045725.1 1042942.1 SUPERIOR
1045135.3 1042950.9 SUPERIOR
1045127.0 1042958.9 SUPERIOR
1044720.7 1042966.8 SUPERIOR
1044894.7 1042974.2 SUPERIOR
1044006.4 1042981.9 SUPERIOR
1043909.7 1042988.3 SUPERIOR
1043837.3 1042994.6 SUPERIOR
1044040.0 1043000.7 SUPERIOR
1043807.2 1043007.2 SUPERIOR
1043333.3 1043013.3 SUPERIOR
1042487.4 1043018.7 INFERIOR
1041738.9 1043023.1 INFERIOR
1041680.1 1043026.4 INFERIOR
1041372.9 1043029.6 INFERIOR
1040607.2 1043032.4 INFERIOR
1040312.2 1043034.2 INFERIOR
1040322.1 1043035.6 INFERIOR
1039797.7 1043037.0 INFERIOR
1039580.2 1043037.6 INFERIOR
1039116.8 1043038.0 INFERIOR
1038119.5 1043037.8 INFERIOR
1038050.5 1043036.2 INFERIOR
1037898.6 1043034.6 INFERIOR
1037846.3 1043032.7 INFERIOR
1037548.8 1043030.8 INFERIOR
1036406.8 1043028.4 INFERIOR
1037003.1 1043024.6 INFERIOR
1036838.2 1043021.5 INFERIOR
1036402.9 1043018.2 INFERIOR
1035867.5 1043014.4 INFERIOR
1036053.8 1043009.8 INFERIOR
1035402.8 1043005.5 INFERIOR
1035750.7 1043000.3 INFERIOR
1035225.5 1042995.6 INFERIOR
1035483.5 1042990.2 INFERIOR
1035987.3 1042985.2 INFERIOR
1035293.9 1042980.8 INFERIOR
1035631.9 1042975.5 INFERIOR
