Cliente: Olá, estou interessado em comprar um novo laptop para trabalho. Vocês têm algum modelo em promoção?
Atendente: Olá! Claro, temos algumas opções disponíveis. Você já tem algum modelo específico em mente?
Cliente: Não ainda, estou aberto a sugestões. Preciso de algo rápido e confiável para lidar com várias tarefas simultâneas.
Atendente: Entendo. Recomendaria o modelo XXX.500.000-20 da nossa linha profissional. É potente e possui um ótimo desempenho multitarefa.
Cliente: Excelente! Pode me passar mais detalhes sobre o XXX.500.000-20?
Atendente: Claro! Ele possui um processador Core i7 de última geração, 16GB de RAM e um SSD de 512GB. Além disso, a tela de 15 polegadas full HD é perfeita para produtividade.
Cliente: Parece perfeito para o que preciso. Qual seria o preço com desconto?
Atendente: Com o desconto atual, o XXX.500.000-20 está saindo por R$ 4.999,00. Podemos incluir frete grátis para você.
Cliente: Ótimo preço! Vou querer comprar. Como procedo?
Atendente: Precisaremos apenas de algumas informações para processar seu pedido. Poderia fornecer seu CPF, por favor?
Cliente: Claro, meu CPF é cpf:1.
Atendente: Obrigado. E poderia confirmar o seu nome completo e e-mail para envio da nota fiscal e acompanhamento do pedido?
Cliente: Meu nome é nome:2 e meu e-mail é email:3.
Atendente: Perfeito, nome:2. Agora, para finalizar, qual seria a sua forma de pagamento?
Cliente: Vou pagar com cartão de crédito.
Atendente: Ok, precisaremos dos dados do seu cartão. Pode fornecer o número e data de validade?
Cliente: Claro, o número do cartão é cartao:4 e a validade é data:5.
Atendente: Muito obrigado pelas informações, nome:2. Seu pedido foi processado com sucesso! Você receberá em breve um e-mail de confirmação no endereço email:3, e o prazo de entrega estimado é de 5 dias úteis.
Cliente: Excelente! Estou ansioso para receber meu novo laptop. Obrigado pela ajuda!
Atendente: Por nada, nome:2. Qualquer dúvida adicional, não hesite em entrar em contato conosco em email:6. Tenha um ótimo dia!
