Cliente: Olá! Estou interessado em comprar um presente para minha esposa. Vocês têm alguma promoção em joias ou acessórios?
Atendente: Olá! Sim, temos algumas opções de joias e acessórios em promoção. Você já tem algo específico em mente para o presente?
Cliente: Ainda não decidi, mas estou procurando algo elegante e atemporal, como um colar ou uma pulseira.
Atendente: Entendo. Recomendaria o conjunto de colar e brincos de pérolas naturais da nossa coleção especial. É uma escolha clássica e sofisticada, perfeita para presentear.
Cliente: Parece interessante! Qual seria o preço com desconto?
Atendente: Com o desconto atual, o conjunto de colar e brincos está saindo por R$ 899,00. Além disso, oferecemos frete grátis para compras acima de R$ 500,00.
Cliente: Excelente! Vou querer comprar. Como procedo?
Atendente: Para processar seu pedido, precisaremos de algumas informações. Poderia fornecer seu CPF e o da sua esposa, por favor?
Cliente: Claro, meu CPF é cpf:1 e o da minha esposa é cpf:2.
Atendente: Obrigado por fornecer seu CPF. Poderia confirmar seu nome completo e e-mail para registro do pedido?
Cliente: Meu nome é nome:3 e meu e-mail é email:4.
Atendente: Perfeito, nome:3. Agora, para finalizar, qual seria sua forma de pagamento?
Cliente: Vou pagar com cartão de crédito.
Atendente: Ok, precisaremos dos dados do seu cartão. Pode fornecer o número e a data de validade?
Cliente: Claro, o número do cartão é cartao:5 e a validade é data:6.
Atendente: Seu cartão com número cartao:5 foi recusado. Você passou os dados corretos?
Cliente: Me desculpe. Me confundi com a data de validade, o correto é data:7.
Atendente: Muito obrigado pelas informações, nome:3. Seu pedido foi processado com sucesso! Você receberá um e-mail de confirmação em breve, e o prazo de entrega estimado é de 5 dias úteis.
Cliente: Perfeito! Mal posso esperar para ver a reação da minha esposa ao receber esse presente. Muito obrigado pela sua ajuda!
Atendente: Estamos felizes em ajudar, nome:3. Tenho certeza de que sua esposa vai adorar o presente. Se precisar de mais alguma coisa, não hesite em entrar em contato. Tenha um ótimo dia!
